00:00:10.246042 VirtualBox VM 6.1.12 r139181 win.amd64 (Jul 10 2020 22:02:01) release log
00:00:10.246114 Log opened 2020-09-13T23:24:19.430704100Z
00:00:10.246118 Build Type: release
00:00:10.246126 OS Product: Windows 10
00:00:10.246130 OS Release: 10.0.19041
00:00:10.246132 OS Service Pack: 
00:00:11.668189 DMI Product Name: VivoBook_ASUSLaptop X509FB_X509FB
00:00:11.679895 DMI Product Version: 1.0       
00:00:11.679925 Firmware type: UEFI
00:00:11.680817 Secure Boot: VERR_PRIVILEGE_NOT_HELD
00:00:11.680868 Host RAM: 8043MB (7.8GB) total, 3667MB (3.5GB) available
00:00:11.680873 Executable: C:\New Folder\VirtualBoxVM.exe
00:00:11.680875 Process ID: 16604
00:00:11.680876 Package type: WINDOWS_64BITS_GENERIC
00:00:11.934642 Installed Extension Packs:
00:00:11.934673   None installed!
00:00:11.936756 Console: Machine state changed to 'Restoring'
00:00:11.937201 Qt version: 5.6.2
00:00:11.940635 GUI: UIMediumEnumerator: Medium-enumeration finished!
00:00:12.195845 SUP: Loaded VMMR0.r0 (C:\New Folder\VMMR0.r0) at 0xXXXXXXXXXXXXXXXX - ModuleInit at XXXXXXXXXXXXXXXX and ModuleTerm at XXXXXXXXXXXXXXXX using the native ring-0 loader
00:00:12.195920 SUP: VMMR0EntryEx located at XXXXXXXXXXXXXXXX and VMMR0EntryFast at XXXXXXXXXXXXXXXX
00:00:12.195942 SUP: windbg> .reload /f C:\New Folder\VMMR0.r0=0xXXXXXXXXXXXXXXXX
00:00:12.200114 Guest OS type: 'Debian_64'
00:00:12.202965 fHMForced=true - No raw-mode support in this build!
00:00:12.216364 File system of 'C:\cyber labs\parrot\parrot\Snapshots' (snapshots) is ntfs
00:00:12.216396 File system of 'C:\cyber labs\parrot\parrot\parrot.vdi' is ntfs
00:00:12.290856 Shared Clipboard: Service loaded
00:00:12.290897 Shared Clipboard: Mode: Off
00:00:12.291292 Shared Clipboard: Service running in normal mode
00:00:12.348072 Drag and drop service loaded
00:00:12.348097 Drag and drop mode: Off
00:00:12.351810 ************************* CFGM dump *************************
00:00:12.351813 [/] (level 0)
00:00:12.351816   CpuExecutionCap   <integer> = 0x0000000000000064 (100)
00:00:12.351819   EnablePAE         <integer> = 0x0000000000000001 (1)
00:00:12.351822   HMEnabled         <integer> = 0x0000000000000001 (1)
00:00:12.351823   MemBalloonSize    <integer> = 0x0000000000000000 (0)
00:00:12.351824   Name              <string>  = "parrot" (cb=7)
00:00:12.351827   NumCPUs           <integer> = 0x0000000000000004 (4)
00:00:12.351829   PageFusionAllowed <integer> = 0x0000000000000000 (0)
00:00:12.351830   RamHoleSize       <integer> = 0x0000000020000000 (536 870 912, 512 MB)
00:00:12.351833   RamSize           <integer> = 0x0000000080000000 (2 147 483 648, 2 048 MB)
00:00:12.351836   TimerMillies      <integer> = 0x000000000000000a (10)
00:00:12.351838   UUID              <bytes>   = "9c 57 bf 98 25 00 fc 4e a7 41 29 88 c9 41 c5 80" (cb=16)
00:00:12.351899 
00:00:12.351900 [/CPUM/] (level 1)
00:00:12.351903   GuestCpuName       <string>  = "host" (cb=5)
00:00:12.351906   NestedHWVirt       <integer> = 0x0000000000000000 (0)
00:00:12.351908   PortableCpuIdLevel <integer> = 0x0000000000000000 (0)
00:00:12.351910   SpecCtrl           <integer> = 0x0000000000000000 (0)
00:00:12.351912 
00:00:12.351913 [/CPUM/IsaExts/] (level 2)
00:00:12.351915 
00:00:12.351916 [/DBGC/] (level 1)
00:00:12.351918   GlobalInitScript <string>  = "C:\Users\MANSO\.VirtualBox/dbgc-init" (cb=37)
00:00:12.351920   HistoryFile      <string>  = "C:\Users\MANSO\.VirtualBox/dbgc-history" (cb=40)
00:00:12.351923   LocalInitScript  <string>  = "C:\cyber labs\parrot\parrot/dbgc-init" (cb=38)
00:00:12.351925 
00:00:12.351925 [/DBGF/] (level 1)
00:00:12.351927   Path <string>  = "C:\cyber labs\parrot\parrot/debug/;C:\cyber labs\parrot\parrot/;cache*C:\cyber labs\parrot\parrot/dbgcache/;C:\Users\MANSO\" (cb=124)
00:00:12.351930 
00:00:12.351930 [/Devices/] (level 1)
00:00:12.351933 
00:00:12.351933 [/Devices/8237A/] (level 2)
00:00:12.351936 
00:00:12.351936 [/Devices/8237A/0/] (level 3)
00:00:12.351939   Trusted <integer> = 0x0000000000000001 (1)
00:00:12.351941 
00:00:12.351942 [/Devices/GIMDev/] (level 2)
00:00:12.351944 
00:00:12.351945 [/Devices/GIMDev/0/] (level 3)
00:00:12.351947   Trusted <integer> = 0x0000000000000001 (1)
00:00:12.351949 
00:00:12.351950 [/Devices/VMMDev/] (level 2)
00:00:12.351952 
00:00:12.351953 [/Devices/VMMDev/0/] (level 3)
00:00:12.351956   PCIBusNo      <integer> = 0x0000000000000000 (0)
00:00:12.351958   PCIDeviceNo   <integer> = 0x0000000000000004 (4)
00:00:12.351960   PCIFunctionNo <integer> = 0x0000000000000000 (0)
00:00:12.351962   Trusted       <integer> = 0x0000000000000001 (1)
00:00:12.351965 
00:00:12.351965 [/Devices/VMMDev/0/Config/] (level 4)
00:00:12.351969   GuestCoreDumpDir <string>  = "C:\cyber labs\parrot\parrot\Snapshots" (cb=38)
00:00:12.351971 
00:00:12.351971 [/Devices/VMMDev/0/LUN#0/] (level 4)
00:00:12.351974   Driver <string>  = "HGCM" (cb=5)
00:00:12.351976 
00:00:12.351977 [/Devices/VMMDev/0/LUN#0/Config/] (level 5)
00:00:12.351980   Object <integer> = 0x0000000004a33e10 (77 807 120)
00:00:12.351983 
00:00:12.351984 [/Devices/VMMDev/0/LUN#999/] (level 4)
00:00:12.351987   Driver <string>  = "MainStatus" (cb=11)
00:00:12.351989 
00:00:12.351989 [/Devices/VMMDev/0/LUN#999/Config/] (level 5)
00:00:12.351993   First   <integer> = 0x0000000000000000 (0)
00:00:12.351995   Last    <integer> = 0x0000000000000000 (0)
00:00:12.351997   papLeds <integer> = 0x0000000003cc4090 (63 717 520)
00:00:12.352000 
00:00:12.352001 [/Devices/acpi/] (level 2)
00:00:12.352003 
00:00:12.352004 [/Devices/acpi/0/] (level 3)
00:00:12.352007   PCIBusNo      <integer> = 0x0000000000000000 (0)
00:00:12.352009   PCIDeviceNo   <integer> = 0x0000000000000007 (7)
00:00:12.352011   PCIFunctionNo <integer> = 0x0000000000000000 (0)
00:00:12.352013   Trusted       <integer> = 0x0000000000000001 (1)
00:00:12.352015 
00:00:12.352016 [/Devices/acpi/0/Config/] (level 4)
00:00:12.352020   CpuHotPlug          <integer> = 0x0000000000000000 (0)
00:00:12.352023   FdcEnabled          <integer> = 0x0000000000000000 (0)
00:00:12.352025   HostBusPciAddress   <integer> = 0x0000000000000000 (0)
00:00:12.352027   HpetEnabled         <integer> = 0x0000000000000000 (0)
00:00:12.352030   IOAPIC              <integer> = 0x0000000000000001 (1)
00:00:12.352032   IocPciAddress       <integer> = 0x0000000000010000 (65 536)
00:00:12.352035   NumCPUs             <integer> = 0x0000000000000004 (4)
00:00:12.352038   Parallel0IoPortBase <integer> = 0x0000000000000000 (0)
00:00:12.352040   Parallel0Irq        <integer> = 0x0000000000000000 (0)
00:00:12.352043   Parallel1IoPortBase <integer> = 0x0000000000000000 (0)
00:00:12.352045   Parallel1Irq        <integer> = 0x0000000000000000 (0)
00:00:12.352047   Serial0IoPortBase   <integer> = 0x0000000000000000 (0)
00:00:12.352049   Serial0Irq          <integer> = 0x0000000000000000 (0)
00:00:12.352051   Serial1IoPortBase   <integer> = 0x0000000000000000 (0)
00:00:12.352053   Serial1Irq          <integer> = 0x0000000000000000 (0)
00:00:12.352056   ShowCpu             <integer> = 0x0000000000000001 (1)
00:00:12.352058   ShowRtc             <integer> = 0x0000000000000000 (0)
00:00:12.352061   SmcEnabled          <integer> = 0x0000000000000000 (0)
00:00:12.352063 
00:00:12.352064 [/Devices/acpi/0/LUN#0/] (level 4)
00:00:12.352067   Driver <string>  = "ACPIHost" (cb=9)
00:00:12.352073 
00:00:12.352073 [/Devices/acpi/0/LUN#0/Config/] (level 5)
00:00:12.352076 
00:00:12.352077 [/Devices/acpi/0/LUN#1/] (level 4)
00:00:12.352080   Driver <string>  = "ACPICpu" (cb=8)
00:00:12.352081 
00:00:12.352082 [/Devices/acpi/0/LUN#1/Config/] (level 5)
00:00:12.352085 
00:00:12.352085 [/Devices/acpi/0/LUN#2/] (level 4)
00:00:12.352088   Driver <string>  = "ACPICpu" (cb=8)
00:00:12.352089 
00:00:12.352090 [/Devices/acpi/0/LUN#2/Config/] (level 5)
00:00:12.352093 
00:00:12.352094 [/Devices/acpi/0/LUN#3/] (level 4)
00:00:12.352096   Driver <string>  = "ACPICpu" (cb=8)
00:00:12.352098 
00:00:12.352098 [/Devices/acpi/0/LUN#3/Config/] (level 5)
00:00:12.352102 
00:00:12.352102 [/Devices/ahci/] (level 2)
00:00:12.352105 
00:00:12.352105 [/Devices/ahci/0/] (level 3)
00:00:12.352108   PCIBusNo      <integer> = 0x0000000000000000 (0)
00:00:12.352110   PCIDeviceNo   <integer> = 0x000000000000000d (13)
00:00:12.352113   PCIFunctionNo <integer> = 0x0000000000000000 (0)
00:00:12.352114   Trusted       <integer> = 0x0000000000000001 (1)
00:00:12.352117 
00:00:12.352117 [/Devices/ahci/0/Config/] (level 4)
00:00:12.352120   Bootable  <integer> = 0x0000000000000001 (1)
00:00:12.352122   PortCount <integer> = 0x0000000000000001 (1)
00:00:12.352124 
00:00:12.352125 [/Devices/ahci/0/Config/Port0/] (level 5)
00:00:12.352128   Hotpluggable <integer> = 0x0000000000000000 (0)
00:00:12.352130 
00:00:12.352131 [/Devices/ahci/0/LUN#0/] (level 4)
00:00:12.352134   Driver <string>  = "VD" (cb=3)
00:00:12.352135 
00:00:12.352136 [/Devices/ahci/0/LUN#0/Config/] (level 5)
00:00:12.352139   BlockCache <integer> = 0x0000000000000001 (1)
00:00:12.352141   Format     <string>  = "VDI" (cb=4)
00:00:12.352143   Mountable  <integer> = 0x0000000000000000 (0)
00:00:12.352146   Path       <string>  = "C:\cyber labs\parrot\parrot\parrot.vdi" (cb=39)
00:00:12.352148   Type       <string>  = "HardDisk" (cb=9)
00:00:12.352150   UseNewIo   <integer> = 0x0000000000000001 (1)
00:00:12.352152 
00:00:12.352153 [/Devices/ahci/0/LUN#0/Config/VDConfig/] (level 6)
00:00:12.352157   AllocationBlockSize <string>  = "1048576" (cb=8)
00:00:12.352158 
00:00:12.352159 [/Devices/ahci/0/LUN#999/] (level 4)
00:00:12.352162   Driver <string>  = "MainStatus" (cb=11)
00:00:12.352164 
00:00:12.352165 [/Devices/ahci/0/LUN#999/Config/] (level 5)
00:00:12.352168   DeviceInstance        <string>  = "ahci/0" (cb=7)
00:00:12.352170   First                 <integer> = 0x0000000000000000 (0)
00:00:12.352173   Last                  <integer> = 0x0000000000000000 (0)
00:00:12.352176   pConsole              <integer> = 0x0000000003cc37d0 (63 715 280)
00:00:12.352180   papLeds               <integer> = 0x0000000003cc3c10 (63 716 368)
00:00:12.352183   pmapMediumAttachments <integer> = 0x0000000003cc40b0 (63 717 552)
00:00:12.352186 
00:00:12.352186 [/Devices/apic/] (level 2)
00:00:12.352189 
00:00:12.352189 [/Devices/apic/0/] (level 3)
00:00:12.352192   Trusted <integer> = 0x0000000000000001 (1)
00:00:12.352194 
00:00:12.352195 [/Devices/apic/0/Config/] (level 4)
00:00:12.352198   IOAPIC  <integer> = 0x0000000000000001 (1)
00:00:12.352200   Mode    <integer> = 0x0000000000000003 (3)
00:00:12.352202   NumCPUs <integer> = 0x0000000000000004 (4)
00:00:12.352204 
00:00:12.352205 [/Devices/e1000/] (level 2)
00:00:12.352207 
00:00:12.352208 [/Devices/e1000/0/] (level 3)
00:00:12.352211   PCIBusNo      <integer> = 0x0000000000000000 (0)
00:00:12.352212   PCIDeviceNo   <integer> = 0x0000000000000003 (3)
00:00:12.352215   PCIFunctionNo <integer> = 0x0000000000000000 (0)
00:00:12.352217   Trusted       <integer> = 0x0000000000000001 (1)
00:00:12.352219 
00:00:12.352219 [/Devices/e1000/0/Config/] (level 4)
00:00:12.352222   AdapterType    <integer> = 0x0000000000000000 (0)
00:00:12.352224   CableConnected <integer> = 0x0000000000000001 (1)
00:00:12.352226   LineSpeed      <integer> = 0x0000000000000000 (0)
00:00:12.352228   MAC            <bytes>   = "08 00 27 71 03 e0" (cb=6)
00:00:12.352232 
00:00:12.352233 [/Devices/e1000/0/LUN#0/] (level 4)
00:00:12.352235   Driver <string>  = "NAT" (cb=4)
00:00:12.352237 
00:00:12.352237 [/Devices/e1000/0/LUN#0/Config/] (level 5)
00:00:12.352241   AliasMode       <integer> = 0x0000000000000000 (0)
00:00:12.352243   BootFile        <string>  = "parrot.pxe" (cb=11)
00:00:12.352245   DNSProxy        <integer> = 0x0000000000000000 (0)
00:00:12.352247   Network         <string>  = "10.0.2.0/24" (cb=12)
00:00:12.352249   PassDomain      <integer> = 0x0000000000000001 (1)
00:00:12.352251   TFTPPrefix      <string>  = "C:\Users\MANSO\.VirtualBox\TFTP" (cb=32)
00:00:12.352253   UseHostResolver <integer> = 0x0000000000000000 (0)
00:00:12.352255 
00:00:12.352256 [/Devices/e1000/0/LUN#999/] (level 4)
00:00:12.352258   Driver <string>  = "MainStatus" (cb=11)
00:00:12.352260 
00:00:12.352261 [/Devices/e1000/0/LUN#999/Config/] (level 5)
00:00:12.352264   First   <integer> = 0x0000000000000000 (0)
00:00:12.352265   Last    <integer> = 0x0000000000000000 (0)
00:00:12.352268   papLeds <integer> = 0x0000000003cc3f70 (63 717 232)
00:00:12.352270 
00:00:12.352271 [/Devices/i8254/] (level 2)
00:00:12.352273 
00:00:12.352273 [/Devices/i8254/0/] (level 3)
00:00:12.352276 
00:00:12.352276 [/Devices/i8254/0/Config/] (level 4)
00:00:12.352279 
00:00:12.352280 [/Devices/i8259/] (level 2)
00:00:12.352282 
00:00:12.352282 [/Devices/i8259/0/] (level 3)
00:00:12.352285   Trusted <integer> = 0x0000000000000001 (1)
00:00:12.352286 
00:00:12.352287 [/Devices/i8259/0/Config/] (level 4)
00:00:12.352289 
00:00:12.352290 [/Devices/ichac97/] (level 2)
00:00:12.352292 
00:00:12.352293 [/Devices/ichac97/0/] (level 3)
00:00:12.352295   PCIBusNo      <integer> = 0x0000000000000000 (0)
00:00:12.352297   PCIDeviceNo   <integer> = 0x0000000000000005 (5)
00:00:12.352299   PCIFunctionNo <integer> = 0x0000000000000000 (0)
00:00:12.352301   Trusted       <integer> = 0x0000000000000001 (1)
00:00:12.352303 
00:00:12.352303 [/Devices/ichac97/0/AudioConfig/] (level 4)
00:00:12.352306 
00:00:12.352307 [/Devices/ichac97/0/Config/] (level 4)
00:00:12.352309   Codec        <string>  = "AD1980" (cb=7)
00:00:12.352312   DebugEnabled <integer> = 0x0000000000000000 (0)
00:00:12.352313 
00:00:12.352314 [/Devices/ichac97/0/LUN#0/] (level 4)
00:00:12.352317   Driver <string>  = "AUDIO" (cb=6)
00:00:12.352318 
00:00:12.352319 [/Devices/ichac97/0/LUN#0/AttachedDriver/] (level 5)
00:00:12.352322   Driver <string>  = "DSoundAudio" (cb=12)
00:00:12.352324 
00:00:12.352324 [/Devices/ichac97/0/LUN#0/AttachedDriver/Config/] (level 6)
00:00:12.352327   StreamName <string>  = "parrot" (cb=7)
00:00:12.352329 
00:00:12.352330 [/Devices/ichac97/0/LUN#0/Config/] (level 5)
00:00:12.352333   BufferSizeMs    <integer> = 0x0000000000000000 (0)
00:00:12.352335   DriverName      <string>  = "DSoundAudio" (cb=12)
00:00:12.352337   InputEnabled    <integer> = 0x0000000000000000 (0)
00:00:12.352340   OutputEnabled   <integer> = 0x0000000000000001 (1)
00:00:12.352342   PeriodSizeMs    <integer> = 0x0000000000000000 (0)
00:00:12.352344   PreBufferSizeMs <integer> = 0x00000000ffffffff (4 294 967 295)
00:00:12.352347 
00:00:12.352347 [/Devices/ichac97/0/LUN#1/] (level 4)
00:00:12.352350   Driver <string>  = "AUDIO" (cb=6)
00:00:12.352352 
00:00:12.352352 [/Devices/ichac97/0/LUN#2/] (level 4)
00:00:12.352355   Driver <string>  = "AUDIO" (cb=6)
00:00:12.352356 
00:00:12.352357 [/Devices/ioapic/] (level 2)
00:00:12.352359 
00:00:12.352360 [/Devices/ioapic/0/] (level 3)
00:00:12.352362   Trusted <integer> = 0x0000000000000001 (1)
00:00:12.352364 
00:00:12.352365 [/Devices/ioapic/0/Config/] (level 4)
00:00:12.352367   NumCPUs <integer> = 0x0000000000000004 (4)
00:00:12.352369 
00:00:12.352370 [/Devices/mc146818/] (level 2)
00:00:12.352372 
00:00:12.352373 [/Devices/mc146818/0/] (level 3)
00:00:12.352375 
00:00:12.352376 [/Devices/mc146818/0/Config/] (level 4)
00:00:12.352379   UseUTC <integer> = 0x0000000000000001 (1)
00:00:12.352381 
00:00:12.352381 [/Devices/parallel/] (level 2)
00:00:12.352383 
00:00:12.352384 [/Devices/pcarch/] (level 2)
00:00:12.352386 
00:00:12.352387 [/Devices/pcarch/0/] (level 3)
00:00:12.352389   Trusted <integer> = 0x0000000000000001 (1)
00:00:12.352391 
00:00:12.352392 [/Devices/pcarch/0/Config/] (level 4)
00:00:12.352394 
00:00:12.352395 [/Devices/pcbios/] (level 2)
00:00:12.352397 
00:00:12.352398 [/Devices/pcbios/0/] (level 3)
00:00:12.352400   Trusted <integer> = 0x0000000000000001 (1)
00:00:12.352402 
00:00:12.352403 [/Devices/pcbios/0/Config/] (level 4)
00:00:12.352407   APIC               <integer> = 0x0000000000000001 (1)
00:00:12.352409   BootDevice0        <string>  = "DVD" (cb=4)
00:00:12.352411   BootDevice1        <string>  = "IDE" (cb=4)
00:00:12.352413   BootDevice2        <string>  = "LAN" (cb=4)
00:00:12.352415   BootDevice3        <string>  = "FLOPPY" (cb=7)
00:00:12.352417   FloppyDevice       <string>  = "i82078" (cb=7)
00:00:12.352418   HardDiskDevice     <string>  = "piix3ide" (cb=9)
00:00:12.352420   IOAPIC             <integer> = 0x0000000000000001 (1)
00:00:12.352423   McfgBase           <integer> = 0x0000000000000000 (0)
00:00:12.352425   McfgLength         <integer> = 0x0000000000000000 (0)
00:00:12.352428   NumCPUs            <integer> = 0x0000000000000004 (4)
00:00:12.352431   PXEDebug           <integer> = 0x0000000000000000 (0)
00:00:12.352433   SataHardDiskDevice <string>  = "ahci" (cb=5)
00:00:12.352435   SataLUN1           <integer> = 0x0000000000000000 (0)
00:00:12.352438   UUID               <bytes>   = "9c 57 bf 98 25 00 fc 4e a7 41 29 88 c9 41 c5 80" (cb=16)
00:00:12.352444   UuidLe             <integer> = 0x0000000000000001 (1)
00:00:12.352447 
00:00:12.352448 [/Devices/pcbios/0/Config/NetBoot/] (level 5)
00:00:12.352451 
00:00:12.352451 [/Devices/pcbios/0/Config/NetBoot/0/] (level 6)
00:00:12.352455   NIC           <integer> = 0x0000000000000000 (0)
00:00:12.352457   PCIBusNo      <integer> = 0x0000000000000000 (0)
00:00:12.352460   PCIDeviceNo   <integer> = 0x0000000000000003 (3)
00:00:12.352462   PCIFunctionNo <integer> = 0x0000000000000000 (0)
00:00:12.352464 
00:00:12.352465 [/Devices/pci/] (level 2)
00:00:12.352467 
00:00:12.352467 [/Devices/pci/0/] (level 3)
00:00:12.352470   Trusted <integer> = 0x0000000000000001 (1)
00:00:12.352472 
00:00:12.352473 [/Devices/pci/0/Config/] (level 4)
00:00:12.352475   IOAPIC <integer> = 0x0000000000000001 (1)
00:00:12.352477 
00:00:12.352478 [/Devices/pcibridge/] (level 2)
00:00:12.352481 
00:00:12.352481 [/Devices/pckbd/] (level 2)
00:00:12.352483 
00:00:12.352484 [/Devices/pckbd/0/] (level 3)
00:00:12.352487   Trusted <integer> = 0x0000000000000001 (1)
00:00:12.352489 
00:00:12.352489 [/Devices/pckbd/0/Config/] (level 4)
00:00:12.352492 
00:00:12.352493 [/Devices/pckbd/0/LUN#0/] (level 4)
00:00:12.352496   Driver <string>  = "KeyboardQueue" (cb=14)
00:00:12.352498 
00:00:12.352498 [/Devices/pckbd/0/LUN#0/AttachedDriver/] (level 5)
00:00:12.352502   Driver <string>  = "MainKeyboard" (cb=13)
00:00:12.352503 
00:00:12.352504 [/Devices/pckbd/0/LUN#0/AttachedDriver/Config/] (level 6)
00:00:12.352508   Object <integer> = 0x0000000003c91450 (63 509 584)
00:00:12.352510 
00:00:12.352511 [/Devices/pckbd/0/LUN#0/Config/] (level 5)
00:00:12.352514   QueueSize <integer> = 0x0000000000000040 (64)
00:00:12.352517 
00:00:12.352517 [/Devices/pckbd/0/LUN#1/] (level 4)
00:00:12.352520   Driver <string>  = "MouseQueue" (cb=11)
00:00:12.352522 
00:00:12.352523 [/Devices/pckbd/0/LUN#1/AttachedDriver/] (level 5)
00:00:12.352526   Driver <string>  = "MainMouse" (cb=10)
00:00:12.352528 
00:00:12.352528 [/Devices/pckbd/0/LUN#1/AttachedDriver/Config/] (level 6)
00:00:12.352532   Object <integer> = 0x0000000003c8c090 (63 488 144)
00:00:12.352534 
00:00:12.352535 [/Devices/pckbd/0/LUN#1/Config/] (level 5)
00:00:12.352538   QueueSize <integer> = 0x0000000000000080 (128)
00:00:12.352541 
00:00:12.352542 [/Devices/pcnet/] (level 2)
00:00:12.352544 
00:00:12.352544 [/Devices/piix3ide/] (level 2)
00:00:12.352547 
00:00:12.352547 [/Devices/piix3ide/0/] (level 3)
00:00:12.352550   PCIBusNo      <integer> = 0x0000000000000000 (0)
00:00:12.352552   PCIDeviceNo   <integer> = 0x0000000000000001 (1)
00:00:12.352555   PCIFunctionNo <integer> = 0x0000000000000001 (1)
00:00:12.352557   Trusted       <integer> = 0x0000000000000001 (1)
00:00:12.352559 
00:00:12.352559 [/Devices/piix3ide/0/Config/] (level 4)
00:00:12.352562   Type <string>  = "PIIX4" (cb=6)
00:00:12.352564 
00:00:12.352565 [/Devices/piix3ide/0/LUN#2/] (level 4)
00:00:12.352567   Driver <string>  = "VD" (cb=3)
00:00:12.352569 
00:00:12.352570 [/Devices/piix3ide/0/LUN#2/Config/] (level 5)
00:00:12.352573   EmptyDrive <integer> = 0x0000000000000001 (1)
00:00:12.352575   Mountable  <integer> = 0x0000000000000001 (1)
00:00:12.352577   Type       <string>  = "DVD" (cb=4)
00:00:12.352579 
00:00:12.352579 [/Devices/piix3ide/0/LUN#999/] (level 4)
00:00:12.352582   Driver <string>  = "MainStatus" (cb=11)
00:00:12.352584 
00:00:12.352585 [/Devices/piix3ide/0/LUN#999/Config/] (level 5)
00:00:12.352588   DeviceInstance        <string>  = "piix3ide/0" (cb=11)
00:00:12.352590   First                 <integer> = 0x0000000000000000 (0)
00:00:12.352593   Last                  <integer> = 0x0000000000000003 (3)
00:00:12.352596   pConsole              <integer> = 0x0000000003cc37d0 (63 715 280)
00:00:12.352599   papLeds               <integer> = 0x0000000003cc3bf0 (63 716 336)
00:00:12.352602   pmapMediumAttachments <integer> = 0x0000000003cc40b0 (63 717 552)
00:00:12.352605 
00:00:12.352606 [/Devices/serial/] (level 2)
00:00:12.352608 
00:00:12.352609 [/Devices/usb-ohci/] (level 2)
00:00:12.352611 
00:00:12.352611 [/Devices/usb-ohci/0/] (level 3)
00:00:12.352614   PCIBusNo      <integer> = 0x0000000000000000 (0)
00:00:12.352616   PCIDeviceNo   <integer> = 0x0000000000000006 (6)
00:00:12.352618   PCIFunctionNo <integer> = 0x0000000000000000 (0)
00:00:12.352619   Trusted       <integer> = 0x0000000000000001 (1)
00:00:12.352621 
00:00:12.352622 [/Devices/usb-ohci/0/Config/] (level 4)
00:00:12.352625 
00:00:12.352625 [/Devices/usb-ohci/0/LUN#0/] (level 4)
00:00:12.352629   Driver <string>  = "VUSBRootHub" (cb=12)
00:00:12.352631 
00:00:12.352631 [/Devices/usb-ohci/0/LUN#0/Config/] (level 5)
00:00:12.352634 
00:00:12.352635 [/Devices/usb-ohci/0/LUN#999/] (level 4)
00:00:12.352638   Driver <string>  = "MainStatus" (cb=11)
00:00:12.352640 
00:00:12.352641 [/Devices/usb-ohci/0/LUN#999/Config/] (level 5)
00:00:12.352644   First   <integer> = 0x0000000000000000 (0)
00:00:12.352646   Last    <integer> = 0x0000000000000000 (0)
00:00:12.352648   papLeds <integer> = 0x0000000003cc4098 (63 717 528)
00:00:12.352650 
00:00:12.352651 [/Devices/vga/] (level 2)
00:00:12.352653 
00:00:12.352654 [/Devices/vga/0/] (level 3)
00:00:12.352657   PCIBusNo      <integer> = 0x0000000000000000 (0)
00:00:12.352659   PCIDeviceNo   <integer> = 0x0000000000000002 (2)
00:00:12.352661   PCIFunctionNo <integer> = 0x0000000000000000 (0)
00:00:12.352663   Trusted       <integer> = 0x0000000000000001 (1)
00:00:12.352665 
00:00:12.352666 [/Devices/vga/0/Config/] (level 4)
00:00:12.352669   3DEnabled          <integer> = 0x0000000000000000 (0)
00:00:12.352671   CustomVideoModes   <integer> = 0x0000000000000000 (0)
00:00:12.352674   FadeIn             <integer> = 0x0000000000000001 (1)
00:00:12.352676   FadeOut            <integer> = 0x0000000000000001 (1)
00:00:12.352679   HeightReduction    <integer> = 0x0000000000000000 (0)
00:00:12.352681   LogoFile           <string>  = "" (cb=1)
00:00:12.352683   LogoTime           <integer> = 0x0000000000000000 (0)
00:00:12.352686   MonitorCount       <integer> = 0x0000000000000001 (1)
00:00:12.352688   ShowBootMenu       <integer> = 0x0000000000000002 (2)
00:00:12.352690   VMSVGA3dEnabled    <integer> = 0x0000000000000000 (0)
00:00:12.352693   VMSVGAEnabled      <integer> = 0x0000000000000001 (1)
00:00:12.352695   VMSVGAPciBarLayout <integer> = 0x0000000000000001 (1)
00:00:12.352697   VMSVGAPciId        <integer> = 0x0000000000000001 (1)
00:00:12.352700   VRamSize           <integer> = 0x0000000001400000 (20 971 520, 20 MB)
00:00:12.352704 
00:00:12.352704 [/Devices/vga/0/LUN#0/] (level 4)
00:00:12.352707   Driver <string>  = "MainDisplay" (cb=12)
00:00:12.352708 
00:00:12.352709 [/Devices/vga/0/LUN#0/Config/] (level 5)
00:00:12.352712   Object <integer> = 0x0000000003d4b260 (64 270 944)
00:00:12.352714 
00:00:12.352714 [/Devices/vga/0/LUN#999/] (level 4)
00:00:12.352717   Driver <string>  = "MainStatus" (cb=11)
00:00:12.352719 
00:00:12.352719 [/Devices/vga/0/LUN#999/Config/] (level 5)
00:00:12.352722   First   <integer> = 0x0000000000000000 (0)
00:00:12.352724   Last    <integer> = 0x0000000000000000 (0)
00:00:12.352726   papLeds <integer> = 0x0000000003cc40a8 (63 717 544)
00:00:12.352728 
00:00:12.352729 [/Devices/virtio-net/] (level 2)
00:00:12.352731 
00:00:12.352732 [/EM/] (level 1)
00:00:12.352733   TripleFaultReset <integer> = 0x0000000000000000 (0)
00:00:12.352735 
00:00:12.352736 [/GIM/] (level 1)
00:00:12.352738   Provider <string>  = "KVM" (cb=4)
00:00:12.352739 
00:00:12.352740 [/HM/] (level 1)
00:00:12.352742   64bitEnabled            <integer> = 0x0000000000000001 (1)
00:00:12.352745   EnableLargePages        <integer> = 0x0000000000000001 (1)
00:00:12.352747   EnableNestedPaging      <integer> = 0x0000000000000001 (1)
00:00:12.352749   EnableUX                <integer> = 0x0000000000000001 (1)
00:00:12.352752   EnableVPID              <integer> = 0x0000000000000001 (1)
00:00:12.352755   Exclusive               <integer> = 0x0000000000000000 (0)
00:00:12.352757   HMForced                <integer> = 0x0000000000000001 (1)
00:00:12.352760   IBPBOnVMEntry           <integer> = 0x0000000000000000 (0)
00:00:12.352763   IBPBOnVMExit            <integer> = 0x0000000000000000 (0)
00:00:12.352765   L1DFlushOnSched         <integer> = 0x0000000000000001 (1)
00:00:12.352767   L1DFlushOnVMEntry       <integer> = 0x0000000000000000 (0)
00:00:12.352770   LovelyMesaDrvWorkaround <integer> = 0x0000000000000001 (1)
00:00:12.352772   MDSClearOnSched         <integer> = 0x0000000000000001 (1)
00:00:12.352774   MDSClearOnVMEntry       <integer> = 0x0000000000000000 (0)
00:00:12.352776   SpecCtrlByHost          <integer> = 0x0000000000000000 (0)
00:00:12.352779   UseNEMInstead           <integer> = 0x0000000000000000 (0)
00:00:12.352781 
00:00:12.352782 [/MM/] (level 1)
00:00:12.352784   CanUseLargerHeap <integer> = 0x0000000000000000 (0)
00:00:12.352786 
00:00:12.352786 [/NEM/] (level 1)
00:00:12.352788   Allow64BitGuests <integer> = 0x0000000000000001 (1)
00:00:12.352790 
00:00:12.352791 [/PDM/] (level 1)
00:00:12.352793 
00:00:12.352793 [/PDM/AsyncCompletion/] (level 2)
00:00:12.352796 
00:00:12.352797 [/PDM/AsyncCompletion/File/] (level 3)
00:00:12.352799 
00:00:12.352800 [/PDM/AsyncCompletion/File/BwGroups/] (level 4)
00:00:12.352803 
00:00:12.352804 [/PDM/BlkCache/] (level 2)
00:00:12.352807   CacheSize <integer> = 0x0000000000500000 (5 242 880, 5 MB)
00:00:12.352810 
00:00:12.352811 [/PDM/Devices/] (level 2)
00:00:12.352813 
00:00:12.352814 [/PDM/Drivers/] (level 2)
00:00:12.352816 
00:00:12.352817 [/PDM/Drivers/VBoxC/] (level 3)
00:00:12.352819   Path <string>  = "VBoxC" (cb=6)
00:00:12.352821 
00:00:12.352822 [/PDM/NetworkShaper/] (level 2)
00:00:12.352824 
00:00:12.352825 [/PDM/NetworkShaper/BwGroups/] (level 3)
00:00:12.352827 
00:00:12.352828 [/TM/] (level 1)
00:00:12.352830   UTCOffset <integer> = 0x0000000000000000 (0)
00:00:12.352832 
00:00:12.352833 [/USB/] (level 1)
00:00:12.352835 
00:00:12.352835 [/USB/HidMouse/] (level 2)
00:00:12.352838 
00:00:12.352838 [/USB/HidMouse/0/] (level 3)
00:00:12.352841 
00:00:12.352841 [/USB/HidMouse/0/Config/] (level 4)
00:00:12.352844   Mode <string>  = "absolute" (cb=9)
00:00:12.352846 
00:00:12.352847 [/USB/HidMouse/0/LUN#0/] (level 4)
00:00:12.352850   Driver <string>  = "MouseQueue" (cb=11)
00:00:12.352852 
00:00:12.352852 [/USB/HidMouse/0/LUN#0/AttachedDriver/] (level 5)
00:00:12.352856   Driver <string>  = "MainMouse" (cb=10)
00:00:12.352858 
00:00:12.352858 [/USB/HidMouse/0/LUN#0/AttachedDriver/Config/] (level 6)
00:00:12.352862   Object <integer> = 0x0000000003c8c090 (63 488 144)
00:00:12.352865 
00:00:12.352865 [/USB/HidMouse/0/LUN#0/Config/] (level 5)
00:00:12.352869   QueueSize <integer> = 0x0000000000000080 (128)
00:00:12.352871 
00:00:12.352872 [/USB/USBProxy/] (level 2)
00:00:12.352874 
00:00:12.352874 [/USB/USBProxy/GlobalConfig/] (level 3)
00:00:12.352877 
00:00:12.352878 ********************* End of CFGM dump **********************
00:00:12.353570 HM: HMR3Init: VT-x w/ nested paging and unrestricted guest execution hw support
00:00:12.353738 MM: cbHyperHeap=0x240000 (2359296)
00:00:12.359863 CPUM: fXStateHostMask=0x7; initial: 0x7; host XCR0=0x1f
00:00:12.365173 CPUM: Matched host CPU INTEL 0x6/0x8e/0xb Intel_Core7_CoffeeLake with CPU DB entry 'Intel Core i7-6700K' (INTEL 0x6/0x5e/0x3 Intel_Core7_Skylake)
00:00:12.365913 CPUM: MXCSR_MASK=0xffff (host: 0xffff)
00:00:12.366017 CPUM: Microcode revision 0x000000AE
00:00:12.366112 CPUM: Changing leaf 13[0]: EBX=0x440 -> 0x340, ECX=0x440 -> 0x340
00:00:12.366210 CPUM: MSR/CPUID reconciliation insert: 0x0000010b IA32_FLUSH_CMD
00:00:12.366233 CPUM: MSR/CPUID reconciliation insert: 0x0000010a IA32_ARCH_CAPABILITIES
00:00:12.366257 CPUM: MSR fudge: 0x00000122 IA32_TSX_CTRL
00:00:12.366400 CPUM: SetGuestCpuIdFeature: Enabled PAE
00:00:12.367135 PGM: Host paging mode: AMD64+NX
00:00:12.367230 PGM: PGMPool: cMaxPages=1280 (u64MaxPages=1058)
00:00:12.367247 PGM: pgmR3PoolInit: cMaxPages=0x500 cMaxUsers=0xa00 cMaxPhysExts=0xa00 fCacheEnable=true 
00:00:12.400486 TM: GIP - u32Mode=3 (Invariant) u32UpdateHz=93 u32UpdateIntervalNS=10736000 enmUseTscDelta=2 (Practically Zero) fGetGipCpu=0x1b cCpus=8
00:00:12.400534 TM: GIP - u64CpuHz=1 800 002 841 (0x6b49dd19)  SUPGetCpuHzFromGip => 1 800 002 841
00:00:12.400553 TM: GIP - CPU: iCpuSet=0x0 idCpu=0x0 idApic=0x0 iGipCpu=0x0 i64TSCDelta=0 enmState=3 u64CpuHz=1800002841(*) cErrors=0
00:00:12.400570 TM: GIP - CPU: iCpuSet=0x1 idCpu=0x1 idApic=0x1 iGipCpu=0x7 i64TSCDelta=0 enmState=3 u64CpuHz=1800002814(*) cErrors=0
00:00:12.400584 TM: GIP - CPU: iCpuSet=0x2 idCpu=0x2 idApic=0x2 iGipCpu=0x3 i64TSCDelta=0 enmState=3 u64CpuHz=1800001309(*) cErrors=0
00:00:12.400598 TM: GIP - CPU: iCpuSet=0x3 idCpu=0x3 idApic=0x3 iGipCpu=0x4 i64TSCDelta=0 enmState=3 u64CpuHz=1800002658(*) cErrors=0
00:00:12.400611 TM: GIP - CPU: iCpuSet=0x4 idCpu=0x4 idApic=0x4 iGipCpu=0x1 i64TSCDelta=0 enmState=3 u64CpuHz=1799987094(*) cErrors=0
00:00:12.400625 TM: GIP - CPU: iCpuSet=0x5 idCpu=0x5 idApic=0x5 iGipCpu=0x6 i64TSCDelta=0 enmState=3 u64CpuHz=1800002464(*) cErrors=0
00:00:12.400638 TM: GIP - CPU: iCpuSet=0x6 idCpu=0x6 idApic=0x6 iGipCpu=0x5 i64TSCDelta=0 enmState=3 u64CpuHz=1800002338(*) cErrors=0
00:00:12.400652 TM: GIP - CPU: iCpuSet=0x7 idCpu=0x7 idApic=0x7 iGipCpu=0x2 i64TSCDelta=0 enmState=3 u64CpuHz=1799992804(*) cErrors=0
00:00:12.400915 TM: cTSCTicksPerSecond=1 800 002 841 (0x6b49dd19) enmTSCMode=1 (VirtTscEmulated)
00:00:12.400918 TM: TSCTiedToExecution=false TSCNotTiedToHalt=false
00:00:12.403133 EMR3Init: fIemExecutesAll=false fGuruOnTripleFault=true 
00:00:12.405861 IEM: TargetCpu=CURRENT, Microarch=Intel_Core7_CoffeeLake
00:00:12.406774 GIM: Using provider 'KVM' (Implementation version: 0)
00:00:12.406828 CPUM: SetGuestCpuIdFeature: Enabled Hypervisor Present bit
00:00:12.407526 AIOMgr: Default manager type is 'Async'
00:00:12.407557 AIOMgr: Default file backend is 'NonBuffered'
00:00:12.408315 BlkCache: Cache successfully initialized. Cache size is 5242880 bytes
00:00:12.408342 BlkCache: Cache commit interval is 10000 ms
00:00:12.408356 BlkCache: Cache commit threshold is 2621440 bytes
00:00:14.065527 PcBios: [SMP] BIOS with 4 CPUs
00:00:14.065692 PcBios: Using the 386+ BIOS image.
00:00:14.066458 PcBios: MPS table at 000e1300
00:00:14.073463 PcBios: fCheckShutdownStatusForSoftReset=true   fClearShutdownStatusOnHardReset=true 
00:00:14.173263 SUP: Loaded VBoxDDR0.r0 (C:\New Folder\VBoxDDR0.r0) at 0xXXXXXXXXXXXXXXXX - ModuleInit at XXXXXXXXXXXXXXXX and ModuleTerm at XXXXXXXXXXXXXXXX using the native ring-0 loader
00:00:14.173300 SUP: windbg> .reload /f C:\New Folder\VBoxDDR0.r0=0xXXXXXXXXXXXXXXXX
00:00:14.174512 CPUM: SetGuestCpuIdFeature: Enabled xAPIC
00:00:14.174548 CPUM: SetGuestCpuIdFeature: Enabled x2APIC
00:00:14.175388 IOAPIC: Using implementation 2.0! Chipset type ICH9
00:00:14.175781 PIT: mode=3 count=0x10000 (65536) - 18.20 Hz (ch=0)
00:00:14.250163 Shared Folders service loaded
00:00:14.303119 Guest Control service loaded
00:00:14.389668 VGA: Using the 386+ BIOS image.
00:00:14.402461 DrvVD: Flushes will be ignored
00:00:14.402500 DrvVD: Async flushes will be passed to the disk
00:00:14.405655 VD: VDInit finished with VINF_SUCCESS
00:00:14.406967 AIOMgr: Endpoint for file 'C:\cyber labs\parrot\parrot\parrot.vdi' (flags 000c0723) created successfully
00:00:14.439708 VD: Opening the disk took 34810932 ns
00:00:14.440674 AHCI: LUN#0: disk, PCHS=16383/16/63, total number of sectors 41943040
00:00:14.441510 AHCI#0: Reset the HBA
00:00:14.441546 VD#0: Cancelling all active requests
00:00:14.449122 PIIX3 ATA: LUN#0: no unit
00:00:14.449167 PIIX3 ATA: LUN#1: no unit
00:00:14.449417 DrvVD: Flushes will be ignored
00:00:14.449448 DrvVD: Async flushes will be passed to the disk
00:00:14.449667 PIIX3 ATA: LUN#2: CD/DVD, total number of sectors 0, passthrough disabled
00:00:14.449919 PIIX3 ATA: LUN#3: no unit
00:00:14.450082 PIIX3 ATA: Ctl#0: finished processing RESET
00:00:14.450190 PIIX3 ATA: Ctl#1: finished processing RESET
00:00:14.450639 E1000#0: Chip=82540EM LinkUpDelay=3000ms EthernetCRC=on GSO=enabled Itr=disabled ItrRx=enabled TID=disabled R0=enabled RC=disabled
00:00:14.526576 NAT: Guest address guess set to 10.0.2.15 by initialization
00:00:14.658305 NAT: DNS#0: 192.168.100.1
00:00:14.660497 AC97: Using codec 'AD1980'
00:00:14.660839 Audio: Initializing DirectSound audio driver
00:00:16.223388 Audio: Found 5 devices for driver 'DSoundAudio'
00:00:16.223430 Audio: Device 'Primary Sound Driver':
00:00:16.223445 Audio: 	Usage           = Output
00:00:16.223458 Audio: 	Flags           = DEFAULT
00:00:16.223474 Audio: 	Input channels  = 0
00:00:16.223487 Audio: 	Output channels = 2
00:00:16.223501 Audio: Device 'Headphones (Realtek(R) Audio)':
00:00:16.223514 Audio: 	Usage           = Output
00:00:16.223526 Audio: 	Flags           = NONE
00:00:16.223538 Audio: 	Input channels  = 0
00:00:16.223551 Audio: 	Output channels = 2
00:00:16.223564 Audio: Device 'Speakers (Realtek(R) Audio)':
00:00:16.223577 Audio: 	Usage           = Output
00:00:16.223589 Audio: 	Flags           = NONE
00:00:16.223601 Audio: 	Input channels  = 0
00:00:16.223613 Audio: 	Output channels = 2
00:00:16.223626 Audio: Device 'Primary Sound Capture Driver':
00:00:16.223638 Audio: 	Usage           = Input
00:00:16.223650 Audio: 	Flags           = NONE
00:00:16.223662 Audio: 	Input channels  = 2
00:00:16.223674 Audio: 	Output channels = 0
00:00:16.223687 Audio: Device 'Microphone (Realtek(R) Audio)':
00:00:16.223700 Audio: 	Usage           = Input
00:00:16.223712 Audio: 	Flags           = NONE
00:00:16.223724 Audio: 	Input channels  = 2
00:00:16.223736 Audio: 	Output channels = 0
00:00:16.223961 AC97: Reset
00:00:16.224009 AC97: Mixer reset (EAID=0x809, EACS=0x9)
00:00:16.224025 AC97: Record select to left=Microphone In, right=Microphone In
00:00:16.226021 VUSB: Attached 'HidMouse' to port 1 on RootHub#0 (FullSpeed)
00:00:16.226135 PGM: The CPU physical address width is 39 bits
00:00:16.226162 PGM: PGMR3InitFinalize: 4 MB PSE mask 0000007fffffffff -> VINF_SUCCESS
00:00:16.226551 TM: TMR3InitFinalize: fTSCModeSwitchAllowed=true 
00:00:16.227148 VMM: Thread-context hooks unavailable
00:00:16.227169 VMM: RTThreadPreemptIsPending() can be trusted
00:00:16.227181 VMM: Kernel preemption is possible
00:00:16.242772 HM: fWorldSwitcher=0x0 (fIbpbOnVmExit=false fIbpbOnVmEntry=false fL1dFlushOnVmEntry=false); fL1dFlushOnSched=false fMdsClearOnVmEntry=false
00:00:16.242809 HM: Using VT-x implementation 3.0
00:00:16.242855 HM: Max resume loops                  = 8192
00:00:16.242857 HM: Host CR4                          = 0x370678
00:00:16.242859 HM: Host EFER                         = 0xd01
00:00:16.242860 HM: MSR_IA32_SMM_MONITOR_CTL          = 0x8b780001
00:00:16.242862 HM: MSR_IA32_FEATURE_CONTROL          = 0x5
00:00:16.242863 HM:   LOCK
00:00:16.242864 HM:   VMXON
00:00:16.242896 HM: MSR_IA32_VMX_BASIC                = 0xda040000000004
00:00:16.242898 HM:   VMCS id                           = 0x4
00:00:16.242899 HM:   VMCS size                         = 1024 bytes
00:00:16.242900 HM:   VMCS physical address limit       = None
00:00:16.242901 HM:   VMCS memory type                  = Write Back (WB)
00:00:16.242902 HM:   Dual-monitor treatment support    = true 
00:00:16.242904 HM:   OUTS & INS instruction-info       = true 
00:00:16.242905 HM:   Supports true-capability MSRs     = true 
00:00:16.242905 HM:   VM-entry Xcpt error-code optional = false
00:00:16.242906 HM: MSR_IA32_VMX_PINBASED_CTLS        = 0x7f00000016
00:00:16.242908 HM:   EXT_INT_EXIT
00:00:16.242909 HM:   NMI_EXIT
00:00:16.242910 HM:   VIRTUAL_NMI
00:00:16.242910 HM:   PREEMPT_TIMER
00:00:16.242911 HM:   POSTED_INT (must be cleared)
00:00:16.242941 HM: MSR_IA32_VMX_PROCBASED_CTLS       = 0xfff9fffe0401e172
00:00:16.242943 HM:   INT_WINDOW_EXIT
00:00:16.242943 HM:   USE_TSC_OFFSETTING
00:00:16.242944 HM:   HLT_EXIT
00:00:16.242945 HM:   INVLPG_EXIT
00:00:16.242946 HM:   MWAIT_EXIT
00:00:16.242946 HM:   RDPMC_EXIT
00:00:16.242947 HM:   RDTSC_EXIT
00:00:16.242948 HM:   CR3_LOAD_EXIT (must be set)
00:00:16.242948 HM:   CR3_STORE_EXIT (must be set)
00:00:16.242949 HM:   CR8_LOAD_EXIT
00:00:16.242950 HM:   CR8_STORE_EXIT
00:00:16.242951 HM:   USE_TPR_SHADOW
00:00:16.242951 HM:   NMI_WINDOW_EXIT
00:00:16.242952 HM:   MOV_DR_EXIT
00:00:16.242953 HM:   UNCOND_IO_EXIT
00:00:16.242953 HM:   USE_IO_BITMAPS
00:00:16.242954 HM:   MONITOR_TRAP_FLAG
00:00:16.242954 HM:   USE_MSR_BITMAPS
00:00:16.242955 HM:   MONITOR_EXIT
00:00:16.242956 HM:   PAUSE_EXIT
00:00:16.242956 HM:   USE_SECONDARY_CTLS
00:00:16.242957 HM: MSR_IA32_VMX_PROCBASED_CTLS2      = 0x5fbcff00000000
00:00:16.242959 HM:   VIRT_APIC_ACCESS
00:00:16.242959 HM:   EPT
00:00:16.242960 HM:   DESC_TABLE_EXIT
00:00:16.242961 HM:   RDTSCP
00:00:16.242961 HM:   VIRT_X2APIC_MODE
00:00:16.242962 HM:   VPID
00:00:16.242963 HM:   WBINVD_EXIT
00:00:16.242963 HM:   UNRESTRICTED_GUEST
00:00:16.242993 HM:   APIC_REG_VIRT (must be cleared)
00:00:16.242994 HM:   VIRT_INT_DELIVERY (must be cleared)
00:00:16.242995 HM:   PAUSE_LOOP_EXIT
00:00:16.242995 HM:   RDRAND_EXIT
00:00:16.242996 HM:   INVPCID
00:00:16.242997 HM:   VMFUNC
00:00:16.242997 HM:   VMCS_SHADOWING (must be cleared)
00:00:16.242998 HM:   ENCLS_EXIT
00:00:16.242999 HM:   RDSEED_EXIT
00:00:16.242999 HM:   PML
00:00:16.243000 HM:   EPT_VE
00:00:16.243001 HM:   CONCEAL_VMX_FROM_PT
00:00:16.243001 HM:   XSAVES_XRSTORS
00:00:16.243002 HM:   MODE_BASED_EPT_PERM
00:00:16.243003 HM:   SPPTP_EPT (must be cleared)
00:00:16.243003 HM:   PT_EPT (must be cleared)
00:00:16.243004 HM:   TSC_SCALING (must be cleared)
00:00:16.243005 HM:   USER_WAIT_PAUSE (must be cleared)
00:00:16.243006 HM:   ENCLV_EXIT (must be cleared)
00:00:16.243006 HM: MSR_IA32_VMX_ENTRY_CTLS           = 0x3ffff000011ff
00:00:16.243008 HM:   LOAD_DEBUG (must be set)
00:00:16.243009 HM:   IA32E_MODE_GUEST
00:00:16.243009 HM:   ENTRY_TO_SMM
00:00:16.243010 HM:   DEACTIVATE_DUAL_MON
00:00:16.243011 HM:   LOAD_PERF_MSR
00:00:16.243011 HM:   LOAD_PAT_MSR
00:00:16.243012 HM:   LOAD_EFER_MSR
00:00:16.243013 HM:   LOAD_BNDCFGS_MSR
00:00:16.243013 HM:   CONCEAL_VMX_FROM_PT
00:00:16.243014 HM:   LOAD_RTIT_CTL_MSR (must be cleared)
00:00:16.243015 HM: MSR_IA32_VMX_EXIT_CTLS            = 0x1ffffff00036dff
00:00:16.243016 HM:   SAVE_DEBUG (must be set)
00:00:16.243017 HM:   HOST_ADDR_SPACE_SIZE
00:00:16.243018 HM:   LOAD_PERF_MSR
00:00:16.243018 HM:   ACK_EXT_INT
00:00:16.243019 HM:   SAVE_PAT_MSR
00:00:16.243020 HM:   LOAD_PAT_MSR
00:00:16.243020 HM:   SAVE_EFER_MSR
00:00:16.243021 HM:   LOAD_EFER_MSR
00:00:16.243022 HM:   SAVE_PREEMPT_TIMER
00:00:16.243022 HM:   CLEAR_BNDCFGS_MSR
00:00:16.243023 HM:   CONCEAL_VMX_FROM_PT
00:00:16.243024 HM:   CLEAR_RTIT_CTL_MSR (must be cleared)
00:00:16.243024 HM: MSR_IA32_VMX_TRUE_PINBASED_CTLS   = 0x7f00000016
00:00:16.243026 HM: MSR_IA32_VMX_TRUE_PROCBASED_CTLS  = 0xfff9fffe04006172
00:00:16.243028 HM: MSR_IA32_VMX_TRUE_ENTRY_CTLS      = 0x3ffff000011fb
00:00:16.243030 HM: MSR_IA32_VMX_TRUE_EXIT_CTLS       = 0x1ffffff00036dfb
00:00:16.243067 HM: MSR_IA32_VMX_MISC                 = 0x7004c1e7
00:00:16.243069 HM:   PREEMPT_TIMER_TSC                 = 0x7
00:00:16.243070 HM:   EXIT_SAVE_EFER_LMA                = true 
00:00:16.243071 HM:   ACTIVITY_STATES                   = 0x7 ( HLT SHUTDOWN SIPI_WAIT )
00:00:16.243072 HM:   INTEL_PT                          = true 
00:00:16.243073 HM:   SMM_READ_SMBASE_MSR               = true 
00:00:16.243074 HM:   CR3_TARGET                        = 0x4
00:00:16.243075 HM:   MAX_MSR                           = 0x0 ( 512 )
00:00:16.243076 HM:   VMXOFF_BLOCK_SMI                  = true 
00:00:16.243077 HM:   VMWRITE_ALL                       = true 
00:00:16.243078 HM:   ENTRY_INJECT_SOFT_INT             = 0x1
00:00:16.243079 HM:   MSEG_ID                           = 0x0
00:00:16.243080 HM: MSR_IA32_VMX_VMCS_ENUM            = 0x2e
00:00:16.243081 HM:   HIGHEST_IDX                       = 0x17
00:00:16.243082 HM: MSR_IA32_VMX_EPT_VPID_CAP         = 0xf0106734141
00:00:16.243083 HM:   RWX_X_ONLY
00:00:16.243084 HM:   PAGE_WALK_LENGTH_4
00:00:16.243085 HM:   EMT_UC
00:00:16.243085 HM:   EMT_WB
00:00:16.243086 HM:   PDE_2M
00:00:16.243086 HM:   PDPTE_1G
00:00:16.243087 HM:   INVEPT
00:00:16.243088 HM:   EPT_ACCESS_DIRTY
00:00:16.243088 HM:   ADVEXITINFO_EPT
00:00:16.243089 HM:   INVEPT_SINGLE_CONTEXT
00:00:16.243090 HM:   INVEPT_ALL_CONTEXTS
00:00:16.243090 HM:   INVVPID
00:00:16.243091 HM:   INVVPID_INDIV_ADDR
00:00:16.243092 HM:   INVVPID_SINGLE_CONTEXT
00:00:16.243092 HM:   INVVPID_ALL_CONTEXTS
00:00:16.243093 HM:   INVVPID_SINGLE_CONTEXT_RETAIN_GLOBALS
00:00:16.243094 HM: MSR_IA32_VMX_VMFUNC               = 0x1
00:00:16.243095 HM:   EPTP_SWITCHING
00:00:16.243096 HM: MSR_IA32_VMX_CR0_FIXED0           = 0x80000021
00:00:16.243097 HM: MSR_IA32_VMX_CR0_FIXED1           = 0xffffffff
00:00:16.243098 HM: MSR_IA32_VMX_CR4_FIXED0           = 0x2000
00:00:16.243100 HM: MSR_IA32_VMX_CR4_FIXED1           = 0x3727ff
00:00:16.243101 HM: APIC-access page physaddr         = 0x0000000021444000
00:00:16.243103 HM: VCPU  0: MSR bitmap physaddr      = 0x0000000013f48000
00:00:16.243106 HM: VCPU  0: VMCS physaddr            = 0x000000005a545000
00:00:16.243107 HM: VCPU  1: MSR bitmap physaddr      = 0x00000001be34c000
00:00:16.243109 HM: VCPU  1: VMCS physaddr            = 0x0000000217a49000
00:00:16.243111 HM: VCPU  2: MSR bitmap physaddr      = 0x00000001a1350000
00:00:16.243112 HM: VCPU  2: VMCS physaddr            = 0x000000011444d000
00:00:16.243113 HM: VCPU  3: MSR bitmap physaddr      = 0x000000011df54000
00:00:16.243115 HM: VCPU  3: VMCS physaddr            = 0x0000000016251000
00:00:16.243116 HM: Guest support: 32-bit and 64-bit
00:00:16.243139 HM: Supports VMCS EFER fields         = true 
00:00:16.243140 HM: Enabled VMX
00:00:16.243177 CPUM: SetGuestCpuIdFeature: Enabled SYSENTER/EXIT
00:00:16.243178 CPUM: SetGuestCpuIdFeature: Enabled PAE
00:00:16.243179 CPUM: SetGuestCpuIdFeature: Enabled LONG MODE
00:00:16.243180 CPUM: SetGuestCpuIdFeature: Enabled SYSCALL/RET
00:00:16.243181 CPUM: SetGuestCpuIdFeature: Enabled LAHF/SAHF
00:00:16.243182 CPUM: SetGuestCpuIdFeature: Enabled NX
00:00:16.243183 HM: Enabled nested paging
00:00:16.243183 HM:   EPT flush type                  = Single context
00:00:16.243184 HM: Enabled unrestricted guest execution
00:00:16.243185 HM: Enabled large page support
00:00:16.243186 HM: Enabled VPID
00:00:16.243187 HM:   VPID flush type                 = Single context
00:00:16.243187 HM: Enabled VMX-preemption timer (cPreemptTimerShift=7)
00:00:16.243189 HM: VT-x/AMD-V init method: Local
00:00:16.243191 EM: Exit history optimizations: enabled=true  enabled-r0=true  enabled-r0-no-preemption=false
00:00:16.243292 PcBios: SATA LUN#0 LCHS=1024/255/63
00:00:16.243352 APIC: fPostedIntrsEnabled=false fVirtApicRegsEnabled=false fSupportsTscDeadline=false
00:00:16.243371 TMR3UtcNow: nsNow=1 600 039 465 428 136 100 nsPrev=0 -> cNsDelta=1 600 039 465 428 136 100 (offLag=0 offVirtualSync=0 offVirtualSyncGivenUp=0, NowAgain=1 600 039 465 428 136 100)
00:00:16.243395 VMM: fUsePeriodicPreemptionTimers=false
00:00:16.243441 CPUM: Logical host processors: 8 present, 8 max, 8 online, online mask: 00000000000000ff
00:00:16.243444 CPUM: Physical host cores: 4
00:00:16.243445 ************************* CPUID dump ************************
00:00:16.243509          Raw Standard CPUID Leaves
00:00:16.243509      Leaf/sub-leaf  eax      ebx      ecx      edx
00:00:16.243541 Gst: 00000000/0000  00000016 756e6547 6c65746e 49656e69
00:00:16.243544 Hst:                00000016 756e6547 6c65746e 49656e69
00:00:16.243546 Gst: 00000001/0000  000806eb 00040800 d6fa2203 178bfbff
00:00:16.243549 Hst:                000806eb 07100800 7ffafbbf bfebfbff
00:00:16.243551 Gst: 00000002/0000  76036301 00f0b5ff 00000000 00c30000
00:00:16.243553 Hst:                76036301 00f0b5ff 00000000 00c30000
00:00:16.243555 Gst: 00000003/0000  00000000 00000000 00000000 00000000
00:00:16.243557 Hst:                00000000 00000000 00000000 00000000
00:00:16.243558 Gst: 00000004/0000  0c000121 01c0003f 0000003f 00000000
00:00:16.243560 Hst:                1c004121 01c0003f 0000003f 00000000
00:00:16.243562 Gst: 00000004/0001  0c000122 01c0003f 0000003f 00000000
00:00:16.243564 Hst:                1c004122 01c0003f 0000003f 00000000
00:00:16.243566 Gst: 00000004/0002  0c000143 00c0003f 000003ff 00000000
00:00:16.243567 Hst:                1c004143 00c0003f 000003ff 00000000
00:00:16.243569 Gst: 00000004/0003  0c000163 02c0003f 00001fff 00000006
00:00:16.243571 Hst:                1c03c163 02c0003f 00001fff 00000006
00:00:16.243573 Gst: 00000004/0004  0c000000 00000000 00000000 00000000
00:00:16.243574 Hst:                00000000 00000000 00000000 00000000
00:00:16.243576 Gst: 00000005/0000  00000000 00000000 00000000 00000000
00:00:16.243577 Hst:                00000040 00000040 00000003 11142120
00:00:16.243580 Gst: 00000006/0000  00000000 00000000 00000000 00000000
00:00:16.243581 Hst:                000027f7 00000002 00000009 00000000
00:00:16.243583 Gst: 00000007/0000  00000000 00842421 00000000 30000400
00:00:16.243584 Hst:                00000000 029c67af 00000000 bc002400
00:00:16.243586 Gst: 00000007/0001  00000000 00000000 00000000 00000000
00:00:16.243587 Hst:                00000000 00000000 00000000 00000000
00:00:16.243589 Gst: 00000008/0000  00000000 00000000 00000000 00000000
00:00:16.243590 Hst:                00000000 00000000 00000000 00000000
00:00:16.243591 Gst: 00000009/0000  00000000 00000000 00000000 00000000
00:00:16.243592 Hst:                00000000 00000000 00000000 00000000
00:00:16.243594 Gst: 0000000a/0000  00000000 00000000 00000000 00000000
00:00:16.243595 Hst:                07300404 00000000 00000000 00000603
00:00:16.243597 Gst: 0000000b/0000  00000000 00000001 00000100 00000000
00:00:16.243598 Hst:                00000001 00000002 00000100 00000007
00:00:16.243599 Gst: 0000000b/0001  00000002 00000004 00000201 00000000
00:00:16.243601 Hst:                00000004 00000008 00000201 00000007
00:00:16.243602 Gst: 0000000b/0002  00000000 00000000 00000002 00000000
00:00:16.243603 Hst:                00000000 00000000 00000002 00000007
00:00:16.243605 Gst: 0000000c/0000  00000000 00000000 00000000 00000000
00:00:16.243606 Hst:                00000000 00000000 00000000 00000000
00:00:16.243607 Gst: 0000000d/0000  00000007 00000340 00000340 00000000
00:00:16.243609 Hst:                0000001f 00000440 00000440 00000000
00:00:16.243610 Gst: 0000000d/0001  00000000 00000440 00000000 00000000
00:00:16.243611 Hst:                0000000f 00000440 00000100 00000000
00:00:16.243613 Gst: 0000000d/0002  00000100 00000240 00000000 00000000
00:00:16.243614 Hst:                00000100 00000240 00000000 00000000
00:00:16.243616 Gst: 0000000d/0003  00000000 00000000 00000000 00000000
00:00:16.243617 Hst:                00000040 000003c0 00000000 00000000
00:00:16.243618 Gst: 0000000d/0004  00000000 00000000 00000000 00000000
00:00:16.243619 Hst:                00000040 00000400 00000000 00000000
00:00:16.243621 Gst: 0000000d/0005  00000000 00000000 00000000 00000000
00:00:16.243622 Hst:                00000000 00000000 00000000 00000000
00:00:16.243623 Gst: 0000000d/0006  00000000 00000000 00000000 00000000
00:00:16.243625 Hst:                00000000 00000000 00000000 00000000
00:00:16.243626 Gst: 0000000d/0007  00000000 00000000 00000000 00000000
00:00:16.243627 Hst:                00000000 00000000 00000000 00000000
00:00:16.243628 Gst: 0000000d/0008  00000000 00000000 00000000 00000000
00:00:16.243630 Hst:                00000080 00000000 00000001 00000000
00:00:16.243631 Gst: 0000000d/0009  00000000 00000000 00000000 00000000
00:00:16.243632 Hst:                00000000 00000000 00000000 00000000
00:00:16.243673 Gst: 0000000e/0000  00000000 00000000 00000000 00000000
00:00:16.243675 Hst:                00000000 00000000 00000000 00000000
00:00:16.243677 Gst: 0000000f/0000  00000000 00000000 00000000 00000000
00:00:16.243680 Hst:                00000000 00000000 00000000 00000000
00:00:16.243682 Gst: 00000010/0000  00000000 00000000 00000000 00000000
00:00:16.243689 Hst:                00000000 00000000 00000000 00000000
00:00:16.243692 Gst: 00000011/0000  00000000 00000000 00000000 00000000
00:00:16.243693 Hst:                00000000 00000000 00000000 00000000
00:00:16.243695 Gst: 00000012/0000  00000000 00000000 00000000 00000000
00:00:16.243697 Hst:                00000000 00000000 00000000 00000000
00:00:16.243698 Gst: 00000013/0000  00000000 00000000 00000000 00000000
00:00:16.243700 Hst:                00000000 00000000 00000000 00000000
00:00:16.243701 Gst: 00000014/0000  00000000 00000000 00000000 00000000
00:00:16.243703 Hst:                00000001 0000000f 00000007 00000000
00:00:16.243705 Hst: 00000015/0000  00000002 00000096 00000000 00000000
00:00:16.243707 Hst: 00000016/0000  00000708 00000f3c 00000064 00000000
00:00:16.243710                                Name: GenuineIntel
00:00:16.243713                            Supports: 0x00000000-0x00000016
00:00:16.243745                              Family:  6 	Extended: 0 	Effective: 6
00:00:16.243748                               Model: 14 	Extended: 8 	Effective: 142
00:00:16.243750                            Stepping: 11
00:00:16.243751                                Type: 0 (primary)
00:00:16.243753                             APIC ID: 0x00
00:00:16.243754                        Logical CPUs: 4
00:00:16.243756                        CLFLUSH Size: 8
00:00:16.243757                            Brand ID: 0x00
00:00:16.243758 Features
00:00:16.243759   Mnemonic - Description                                  = guest (host)
00:00:16.243789   FPU - x87 FPU on Chip                                   = 1 (1)
00:00:16.243792   VME - Virtual 8086 Mode Enhancements                    = 1 (1)
00:00:16.243794   DE - Debugging extensions                               = 1 (1)
00:00:16.243796   PSE - Page Size Extension                               = 1 (1)
00:00:16.243798   TSC - Time Stamp Counter                                = 1 (1)
00:00:16.243800   MSR - Model Specific Registers                          = 1 (1)
00:00:16.243801   PAE - Physical Address Extension                        = 1 (1)
00:00:16.243803   MCE - Machine Check Exception                           = 1 (1)
00:00:16.243805   CX8 - CMPXCHG8B instruction                             = 1 (1)
00:00:16.243806   APIC - APIC On-Chip                                     = 1 (1)
00:00:16.243808   SEP - SYSENTER and SYSEXIT Present                      = 1 (1)
00:00:16.243810   MTRR - Memory Type Range Registers                      = 1 (1)
00:00:16.243812   PGE - PTE Global Bit                                    = 1 (1)
00:00:16.243813   MCA - Machine Check Architecture                        = 1 (1)
00:00:16.243815   CMOV - Conditional Move instructions                    = 1 (1)
00:00:16.243817   PAT - Page Attribute Table                              = 1 (1)
00:00:16.243818   PSE-36 - 36-bit Page Size Extension                     = 1 (1)
00:00:16.243820   PSN - Processor Serial Number                           = 0 (0)
00:00:16.243822   CLFSH - CLFLUSH instruction                             = 1 (1)
00:00:16.243824   DS - Debug Store                                        = 0 (1)
00:00:16.243826   ACPI - Thermal Mon. & Soft. Clock Ctrl.                 = 0 (1)
00:00:16.243827   MMX - Intel MMX Technology                              = 1 (1)
00:00:16.243829   FXSR - FXSAVE and FXRSTOR instructions                  = 1 (1)
00:00:16.243830   SSE - SSE support                                       = 1 (1)
00:00:16.243832   SSE2 - SSE2 support                                     = 1 (1)
00:00:16.243834   SS - Self Snoop                                         = 0 (1)
00:00:16.243836   HTT - Hyper-Threading Technology                        = 1 (1)
00:00:16.243838   TM - Therm. Monitor                                     = 0 (1)
00:00:16.243840   PBE - Pending Break Enabled                             = 0 (1)
00:00:16.243841   SSE3 - SSE3 support                                     = 1 (1)
00:00:16.243843   PCLMUL - PCLMULQDQ support (for AES-GCM)                = 1 (1)
00:00:16.243845   DTES64 - DS Area 64-bit Layout                          = 0 (1)
00:00:16.243846   MONITOR - MONITOR/MWAIT instructions                    = 0 (1)
00:00:16.243848   CPL-DS - CPL Qualified Debug Store                      = 0 (1)
00:00:16.243850   VMX - Virtual Machine Extensions                        = 0 (1)
00:00:16.243851   SMX - Safer Mode Extensions                             = 0 (0)
00:00:16.243853   EST - Enhanced SpeedStep Technology                     = 0 (1)
00:00:16.243855   TM2 - Terminal Monitor 2                                = 0 (1)
00:00:16.243856   SSSE3 - Supplemental Streaming SIMD Extensions 3        = 1 (1)
00:00:16.243858   CNTX-ID - L1 Context ID                                 = 0 (0)
00:00:16.243860   SDBG - Silicon Debug interface                          = 0 (1)
00:00:16.243861   FMA - Fused Multiply Add extensions                     = 0 (1)
00:00:16.243863   CX16 - CMPXCHG16B instruction                           = 1 (1)
00:00:16.243864   TPRUPDATE - xTPR Update Control                         = 0 (1)
00:00:16.243866   PDCM - Perf/Debug Capability MSR                        = 0 (1)
00:00:16.243868   PCID - Process Context Identifiers                      = 1 (1)
00:00:16.243869   DCA - Direct Cache Access                               = 0 (0)
00:00:16.243871   SSE4_1 - SSE4_1 support                                 = 1 (1)
00:00:16.243873   SSE4_2 - SSE4_2 support                                 = 1 (1)
00:00:16.243875   X2APIC - x2APIC support                                 = 1 (1)
00:00:16.243876   MOVBE - MOVBE instruction                               = 1 (1)
00:00:16.243878   POPCNT - POPCNT instruction                             = 1 (1)
00:00:16.243880   TSCDEADL - Time Stamp Counter Deadline                  = 0 (1)
00:00:16.243882   AES - AES instructions                                  = 1 (1)
00:00:16.243883   XSAVE - XSAVE instruction                               = 1 (1)
00:00:16.243885   OSXSAVE - OSXSAVE instruction                           = 0 (1)
00:00:16.243887   AVX - AVX support                                       = 1 (1)
00:00:16.243889   F16C - 16-bit floating point conversion instructions    = 0 (1)
00:00:16.243890   RDRAND - RDRAND instruction                             = 1 (1)
00:00:16.243892   HVP - Hypervisor Present (we're a guest)                = 1 (0)
00:00:16.243894 Structured Extended Feature Flags Enumeration (leaf 7):
00:00:16.243895   Mnemonic - Description                                  = guest (host)
00:00:16.243895   FSGSBASE - RDFSBASE/RDGSBASE/WRFSBASE/WRGSBASE instr.   = 1 (1)
00:00:16.243897   TSCADJUST - Supports MSR_IA32_TSC_ADJUST                = 0 (1)
00:00:16.243899   SGX - Supports Software Guard Extensions                = 0 (1)
00:00:16.243900   BMI1 - Advanced Bit Manipulation extension 1            = 0 (1)
00:00:16.243902   HLE - Hardware Lock Elision                             = 0 (0)
00:00:16.243903   AVX2 - Advanced Vector Extensions 2                     = 1 (1)
00:00:16.243905   FDP_EXCPTN_ONLY - FPU DP only updated on exceptions     = 0 (0)
00:00:16.243907   SMEP - Supervisor Mode Execution Prevention             = 0 (1)
00:00:16.243908   BMI2 - Advanced Bit Manipulation extension 2            = 0 (1)
00:00:16.243910   ERMS - Enhanced REP MOVSB/STOSB instructions            = 0 (1)
00:00:16.243911   INVPCID - INVPCID instruction                           = 1 (1)
00:00:16.243913   RTM - Restricted Transactional Memory                   = 0 (0)
00:00:16.243914   PQM - Platform Quality of Service Monitoring            = 0 (0)
00:00:16.243916   DEPFPU_CS_DS - Deprecates FPU CS, FPU DS values if set  = 1 (1)
00:00:16.243917   MPE - Intel Memory Protection Extensions                = 0 (1)
00:00:16.243919   PQE - Platform Quality of Service Enforcement           = 0 (0)
00:00:16.243920   AVX512F - AVX512 Foundation instructions                = 0 (0)
00:00:16.243922   RDSEED - RDSEED instruction                             = 1 (1)
00:00:16.243923   ADX - ADCX/ADOX instructions                            = 0 (1)
00:00:16.243925   SMAP - Supervisor Mode Access Prevention                = 0 (1)
00:00:16.243927   CLFLUSHOPT - CLFLUSHOPT (Cache Line Flush) instruction  = 1 (1)
00:00:16.243928   INTEL_PT - Intel Processor Trace                        = 0 (1)
00:00:16.243930   AVX512PF - AVX512 Prefetch instructions                 = 0 (0)
00:00:16.243932   AVX512ER - AVX512 Exponential & Reciprocal instructions = 0 (0)
00:00:16.243933   AVX512CD - AVX512 Conflict Detection instructions       = 0 (0)
00:00:16.243935   SHA - Secure Hash Algorithm extensions                  = 0 (0)
00:00:16.243936   PREFETCHWT1 - PREFETCHWT1 instruction                   = 0 (0)
00:00:16.243938   UMIP - User mode insturction prevention                 = 0 (0)
00:00:16.243939   PKU - Protection Key for Usermode pages                 = 0 (0)
00:00:16.243941   OSPKE - CR4.PKU mirror                                  = 0 (0)
00:00:16.243943   MAWAU - Value used by BNDLDX & BNDSTX                   = 0x0 (0x0)
00:00:16.243945   RDPID - Read processor ID support                       = 0 (0)
00:00:16.243946   SGX_LC - Supports SGX Launch Configuration              = 0 (0)
00:00:16.243948   MD_CLEAR - Supports MDS related buffer clearing         = 1 (1)
00:00:16.243950   13 - Reserved                                           = 0 (1)
00:00:16.243952   IBRS_IBPB - IA32_SPEC_CTRL.IBRS and IA32_PRED_CMD.IBPB  = 0 (1)
00:00:16.243953   STIBP - Supports IA32_SPEC_CTRL.STIBP                   = 0 (1)
00:00:16.243955   FLUSH_CMD - Supports IA32_FLUSH_CMD                     = 1 (1)
00:00:16.243957   ARCHCAP - Supports IA32_ARCH_CAP                        = 1 (1)
00:00:16.243958   CORECAP - Supports IA32_CORE_CAP                        = 0 (0)
00:00:16.243960   SSBD - Supports IA32_SPEC_CTRL.SSBD                     = 0 (1)
00:00:16.243962 Processor Extended State Enumeration (leaf 0xd):
00:00:16.243963    XSAVE area cur/max size by XCR0, guest: 0x340/0x340
00:00:16.243965     XSAVE area cur/max size by XCR0, host: 0x440/0x440
00:00:16.243966                    Valid XCR0 bits, guest: 0x00000000`00000007 ( x87 SSE YMM_Hi128 )
00:00:16.243970                     Valid XCR0 bits, host: 0x00000000`0000001f ( x87 SSE YMM_Hi128 BNDREGS BNDCSR )
00:00:16.243974                     XSAVE features, guest:
00:00:16.243975                      XSAVE features, host: XSAVEOPT XSAVEC XGETBC1 XSAVES
00:00:16.243977       XSAVE area cur size XCR0|XSS, guest: 0x440
00:00:16.243979        XSAVE area cur size XCR0|XSS, host: 0x440
00:00:16.243980                Valid IA32_XSS bits, guest: 0x00000000`00000000
00:00:16.243981                 Valid IA32_XSS bits, host: 0x00000100`00000000 ( 40 )
00:00:16.243984   State #2, guest: off=0x0240, cb=0x0100 IA32_XSS-bit -- YMM_Hi128
00:00:16.243987   State #2, host:  off=0x0240, cb=0x0100 IA32_XSS-bit -- YMM_Hi128
00:00:16.243990   State #3, host:  off=0x03c0, cb=0x0040 IA32_XSS-bit -- BNDREGS
00:00:16.243992   State #4, host:  off=0x0400, cb=0x0040 IA32_XSS-bit -- BNDCSR
00:00:16.243996   State #8, host:  off=0x0000, cb=0x0080 XCR0-bit -- 8
00:00:16.244017          Unknown CPUID Leaves
00:00:16.244018      Leaf/sub-leaf  eax      ebx      ecx      edx
00:00:16.244019 Gst: 00000014/0001  00000000 00000000 00000000 00000000
00:00:16.244020 Hst:                02490002 003f3fff 00000000 00000000
00:00:16.244022 Gst: 00000014/0002  00000000 00000000 00000000 00000000
00:00:16.244024 Hst:                00000000 00000000 00000000 00000000
00:00:16.244025 Gst: 00000015/0000  00000000 00000000 00000000 00000000
00:00:16.244026 Hst:                00000002 00000096 00000000 00000000
00:00:16.244029 Gst: 00000016/0000  00000000 00000000 00000000 00000000
00:00:16.244030 Hst:                00000708 00000f3c 00000064 00000000
00:00:16.244033          Raw Hypervisor CPUID Leaves
00:00:16.244033      Leaf/sub-leaf  eax      ebx      ecx      edx
00:00:16.244035 Gst: 40000000/0000  40000001 4b4d564b 564b4d56 0000004d
00:00:16.244037 Hst:                00000708 00000f3c 00000064 00000000
00:00:16.244039 Gst: 40000001/0000  01000089 00000000 00000000 00000000
00:00:16.244041 Hst:                00000708 00000f3c 00000064 00000000
00:00:16.244043          Raw Extended CPUID Leaves
00:00:16.244043      Leaf/sub-leaf  eax      ebx      ecx      edx
00:00:16.244044 Gst: 80000000/0000  80000008 00000000 00000000 00000000
00:00:16.244046 Hst:                80000008 00000000 00000000 00000000
00:00:16.244047 Gst: 80000001/0000  00000000 00000000 00000121 28100800
00:00:16.244049 Hst:                00000000 00000000 00000121 2c100800
00:00:16.244052 Gst: 80000002/0000  65746e49 2952286c 726f4320 4d542865
00:00:16.244054 Hst:                65746e49 2952286c 726f4320 4d542865
00:00:16.244057 Gst: 80000003/0000  35692029 3632382d 43205535 40205550
00:00:16.244059 Hst:                35692029 3632382d 43205535 40205550
00:00:16.244062 Gst: 80000004/0000  362e3120 7a484730 00000000 00000000
00:00:16.244064 Hst:                362e3120 7a484730 00000000 00000000
00:00:16.244065 Gst: 80000005/0000  00000000 00000000 00000000 00000000
00:00:16.244067 Hst:                00000000 00000000 00000000 00000000
00:00:16.244068 Gst: 80000006/0000  00000000 00000000 01006040 00000000
00:00:16.244070 Hst:                00000000 00000000 01006040 00000000
00:00:16.244071 Gst: 80000007/0000  00000000 00000000 00000000 00000100
00:00:16.244073 Hst:                00000000 00000000 00000000 00000100
00:00:16.244074 Gst: 80000008/0000  00003027 00000000 00000000 00000000
00:00:16.244076 Hst:                00003027 00000000 00000000 00000000
00:00:16.244077 Ext Name:                        
00:00:16.244078 Ext Supports:                    0x80000000-0x80000008
00:00:16.244080 Family:                          0  	Extended: 0 	Effective: 0
00:00:16.244082 Model:                           0  	Extended: 0 	Effective: 0
00:00:16.244083 Stepping:                        0
00:00:16.244083 Brand ID:                        0x000
00:00:16.244085 Ext Features
00:00:16.244085   Mnemonic - Description                                  = guest (host)
00:00:16.244117   FPU - x87 FPU on Chip                                   = 0 (0)
00:00:16.244119   VME - Virtual 8086 Mode Enhancements                    = 0 (0)
00:00:16.244121   DE - Debugging extensions                               = 0 (0)
00:00:16.244122   PSE - Page Size Extension                               = 0 (0)
00:00:16.244124   TSC - Time Stamp Counter                                = 0 (0)
00:00:16.244126   MSR - K86 Model Specific Registers                      = 0 (0)
00:00:16.244128   PAE - Physical Address Extension                        = 0 (0)
00:00:16.244129   MCE - Machine Check Exception                           = 0 (0)
00:00:16.244131   CX8 - CMPXCHG8B instruction                             = 0 (0)
00:00:16.244133   APIC - APIC On-Chip                                     = 0 (0)
00:00:16.244135   SEP - SYSCALL/SYSRET                                    = 1 (1)
00:00:16.244136   MTRR - Memory Type Range Registers                      = 0 (0)
00:00:16.244138   PGE - PTE Global Bit                                    = 0 (0)
00:00:16.244140   MCA - Machine Check Architecture                        = 0 (0)
00:00:16.244141   CMOV - Conditional Move instructions                    = 0 (0)
00:00:16.244143   PAT - Page Attribute Table                              = 0 (0)
00:00:16.244145   PSE-36 - 36-bit Page Size Extension                     = 0 (0)
00:00:16.244146   NX - No-Execute/Execute-Disable                         = 1 (1)
00:00:16.244148   AXMMX - AMD Extensions to MMX instructions              = 0 (0)
00:00:16.244150   MMX - Intel MMX Technology                              = 0 (0)
00:00:16.244151   FXSR - FXSAVE and FXRSTOR Instructions                  = 0 (0)
00:00:16.244153   FFXSR - AMD fast FXSAVE and FXRSTOR instructions        = 0 (0)
00:00:16.244154   Page1GB - 1 GB large page                               = 0 (1)
00:00:16.244156   RDTSCP - RDTSCP instruction                             = 1 (1)
00:00:16.244158   LM - AMD64 Long Mode                                    = 1 (1)
00:00:16.244160   3DNOWEXT - AMD Extensions to 3DNow                      = 0 (0)
00:00:16.244161   3DNOW - AMD 3DNow                                       = 0 (0)
00:00:16.244163   LahfSahf - LAHF/SAHF support in 64-bit mode             = 1 (1)
00:00:16.244165   CmpLegacy - Core multi-processing legacy mode           = 0 (0)
00:00:16.244166   SVM - AMD Secure Virtual Machine extensions             = 0 (0)
00:00:16.244168   EXTAPIC - AMD Extended APIC registers                   = 0 (0)
00:00:16.244170   CR8L - AMD LOCK MOV CR0 means MOV CR8                   = 0 (0)
00:00:16.244171   ABM - AMD Advanced Bit Manipulation                     = 1 (1)
00:00:16.244173   SSE4A - SSE4A instructions                              = 0 (0)
00:00:16.244174   MISALIGNSSE - AMD Misaligned SSE mode                   = 0 (0)
00:00:16.244176   3DNOWPRF - AMD PREFETCH and PREFETCHW instructions      = 1 (1)
00:00:16.244178   OSVW - AMD OS Visible Workaround                        = 0 (0)
00:00:16.244179   IBS - Instruct Based Sampling                           = 0 (0)
00:00:16.244181   XOP - Extended Operation support                        = 0 (0)
00:00:16.244183   SKINIT - SKINIT, STGI, and DEV support                  = 0 (0)
00:00:16.244184   WDT - AMD Watchdog Timer support                        = 0 (0)
00:00:16.244186   LWP - Lightweight Profiling support                     = 0 (0)
00:00:16.244188   FMA4 - Four operand FMA instruction support             = 0 (0)
00:00:16.244189   NodeId - NodeId in MSR C001_100C                        = 0 (0)
00:00:16.244191   TBM - Trailing Bit Manipulation instructions            = 0 (0)
00:00:16.244192   TOPOEXT - Topology Extensions                           = 0 (0)
00:00:16.244194   PRFEXTCORE - Performance Counter Extensions support     = 0 (0)
00:00:16.244195   PRFEXTNB - NB Performance Counter Extensions support    = 0 (0)
00:00:16.244197   DATABPEXT - Data-access Breakpoint Extension            = 0 (0)
00:00:16.244198   PERFTSC - Performance Time Stamp Counter                = 0 (0)
00:00:16.244200   PCX_L2I - L2I/L3 Performance Counter Extensions         = 0 (0)
00:00:16.244201   MWAITX - MWAITX and MONITORX instructions               = 0 (0)
00:00:16.244203 Full Name:                       "Intel(R) Core(TM) i5-8265U CPU @ 1.60GHz"
00:00:16.244205 TLB 2/4M Instr/Uni:              res0     0 entries
00:00:16.244206 TLB 2/4M Data:                   res0     0 entries
00:00:16.244207 TLB 4K Instr/Uni:                res0     0 entries
00:00:16.244208 TLB 4K Data:                     res0     0 entries
00:00:16.244210 L1 Instr Cache Line Size:        0 bytes
00:00:16.244211 L1 Instr Cache Lines Per Tag:    0
00:00:16.244211 L1 Instr Cache Associativity:    res0  
00:00:16.244212 L1 Instr Cache Size:             0 KB
00:00:16.244213 L1 Data Cache Line Size:         0 bytes
00:00:16.244214 L1 Data Cache Lines Per Tag:     0
00:00:16.244214 L1 Data Cache Associativity:     res0  
00:00:16.244215 L1 Data Cache Size:              0 KB
00:00:16.244216 L2 TLB 2/4M Instr/Uni:           off       0 entries
00:00:16.244217 L2 TLB 2/4M Data:                off       0 entries
00:00:16.244218 L2 TLB 4K Instr/Uni:             off       0 entries
00:00:16.244219 L2 TLB 4K Data:                  off       0 entries
00:00:16.244220 L2 Cache Line Size:              0 bytes
00:00:16.244221 L2 Cache Lines Per Tag:          0
00:00:16.244222 L2 Cache Associativity:          off   
00:00:16.244223 L2 Cache Size:                   0 KB
00:00:16.244224   TS - Temperature Sensor                                 = 0 (0)
00:00:16.244226   FID - Frequency ID control                              = 0 (0)
00:00:16.244228   VID - Voltage ID control                                = 0 (0)
00:00:16.244230   TscInvariant - Invariant Time Stamp Counter             = 1 (1)
00:00:16.244231   CBP - Core Performance Boost                            = 0 (0)
00:00:16.244233   EffFreqRO - Read-only Effective Frequency Interface     = 0 (0)
00:00:16.244235   ProcFdbkIf - Processor Feedback Interface               = 0 (0)
00:00:16.244236   ProcPwrRep - Core power reporting interface support     = 0 (0)
00:00:16.244239 Physical Address Width:          39 bits
00:00:16.244239 Virtual Address Width:           48 bits
00:00:16.244240 Guest Physical Address Width:    0 bits
00:00:16.244241 Physical Core Count:             1
00:00:16.244244 
00:00:16.244244 ******************** End of CPUID dump **********************
00:00:16.244245 *********************** VT-x features ***********************
00:00:16.244248 Nested hardware virtualization - VMX features
00:00:16.244249   Mnemonic - Description                                  = guest (host)
00:00:16.244249   VMX - Virtual-Machine Extensions                        = 0 (1)
00:00:16.244251   InsOutInfo - INS/OUTS instruction info.                 = 0 (1)
00:00:16.244252   ExtIntExit - External interrupt exiting                 = 0 (1)
00:00:16.244253   NmiExit - NMI exiting                                   = 0 (1)
00:00:16.244254   VirtNmi - Virtual NMIs                                  = 0 (1)
00:00:16.244255   PreemptTimer - VMX preemption timer                     = 0 (1)
00:00:16.244256   PostedInt - Posted interrupts                           = 0 (0)
00:00:16.244257   IntWindowExit - Interrupt-window exiting                = 0 (1)
00:00:16.244258   TscOffsetting - TSC offsetting                          = 0 (1)
00:00:16.244259   HltExit - HLT exiting                                   = 0 (1)
00:00:16.244290   InvlpgExit - INVLPG exiting                             = 0 (1)
00:00:16.244291   MwaitExit - MWAIT exiting                               = 0 (1)
00:00:16.244292   RdpmcExit - RDPMC exiting                               = 0 (1)
00:00:16.244293   RdtscExit - RDTSC exiting                               = 0 (1)
00:00:16.244294   Cr3LoadExit - CR3-load exiting                          = 0 (1)
00:00:16.244295   Cr3StoreExit - CR3-store exiting                        = 0 (1)
00:00:16.244296   Cr8LoadExit  - CR8-load exiting                         = 0 (1)
00:00:16.244297   Cr8StoreExit - CR8-store exiting                        = 0 (1)
00:00:16.244298   UseTprShadow - Use TPR shadow                           = 0 (1)
00:00:16.244299   NmiWindowExit - NMI-window exiting                      = 0 (1)
00:00:16.244329   MovDRxExit - Mov-DR exiting                             = 0 (1)
00:00:16.244330   UncondIoExit - Unconditional I/O exiting                = 0 (1)
00:00:16.244331   UseIoBitmaps - Use I/O bitmaps                          = 0 (1)
00:00:16.244332   MonitorTrapFlag - Monitor Trap Flag                     = 0 (1)
00:00:16.244333   UseMsrBitmaps - MSR bitmaps                             = 0 (1)
00:00:16.244334   MonitorExit - MONITOR exiting                           = 0 (1)
00:00:16.244335   PauseExit - PAUSE exiting                               = 0 (1)
00:00:16.244336   SecondaryExecCtl - Activate secondary controls          = 0 (1)
00:00:16.244337   VirtApic - Virtualize-APIC accesses                     = 0 (1)
00:00:16.244338   Ept - Extended Page Tables                              = 0 (1)
00:00:16.244339   DescTableExit - Descriptor-table exiting                = 0 (1)
00:00:16.244340   Rdtscp - Enable RDTSCP                                  = 0 (1)
00:00:16.244341   VirtX2ApicMode - Virtualize-x2APIC mode                 = 0 (1)
00:00:16.244342   Vpid - Enable VPID                                      = 0 (1)
00:00:16.244342   WbinvdExit - WBINVD exiting                             = 0 (1)
00:00:16.244343   UnrestrictedGuest - Unrestricted guest                  = 0 (1)
00:00:16.244344   ApicRegVirt - APIC-register virtualization              = 0 (0)
00:00:16.244345   VirtIntDelivery - Virtual-interrupt delivery            = 0 (0)
00:00:16.244346   PauseLoopExit - PAUSE-loop exiting                      = 0 (1)
00:00:16.244347   RdrandExit - RDRAND exiting                             = 0 (1)
00:00:16.244348   Invpcid - Enable INVPCID                                = 0 (1)
00:00:16.244349   VmFuncs - Enable VM Functions                           = 0 (1)
00:00:16.244350   VmcsShadowing - VMCS shadowing                          = 0 (0)
00:00:16.244351   RdseedExiting - RDSEED exiting                          = 0 (1)
00:00:16.244352   PML - Page-Modification Log (PML)                       = 0 (1)
00:00:16.244353   EptVe - EPT violations can cause #VE                    = 0 (1)
00:00:16.244354   XsavesXRstors - Enable XSAVES/XRSTORS                   = 0 (1)
00:00:16.244355   EntryLoadDebugCtls - Load debug controls on VM-entry    = 0 (1)
00:00:16.244356   Ia32eModeGuest - IA-32e mode guest                      = 0 (1)
00:00:16.244357   EntryLoadEferMsr - Load IA32_EFER MSR on VM-entry       = 0 (1)
00:00:16.244358   EntryLoadPatMsr - Load IA32_PAT MSR on VM-entry         = 0 (1)
00:00:16.244359   ExitSaveDebugCtls - Save debug controls on VM-exit      = 0 (1)
00:00:16.244360   HostAddrSpaceSize - Host address-space size             = 0 (1)
00:00:16.244361   ExitAckExtInt - Acknowledge interrupt on VM-exit        = 0 (1)
00:00:16.244362   ExitSavePatMsr - Save IA32_PAT MSR on VM-exit           = 0 (1)
00:00:16.244363   ExitLoadPatMsr - Load IA32_PAT MSR on VM-exit           = 0 (1)
00:00:16.244364   ExitSaveEferMsr - Save IA32_EFER MSR on VM-exit         = 0 (1)
00:00:16.244365   ExitLoadEferMsr - Load IA32_EFER MSR on VM-exit         = 0 (1)
00:00:16.244366   SavePreemptTimer - Save VMX-preemption timer            = 0 (1)
00:00:16.244366   ExitSaveEferLma - Save IA32_EFER.LMA on VM-exit         = 0 (1)
00:00:16.244367   IntelPt - Intel PT (Processor Trace) in VMX operation   = 0 (1)
00:00:16.244368   VmwriteAll - VMWRITE to any supported VMCS field        = 0 (1)
00:00:16.244369   EntryInjectSoftInt - Inject softint. with 0-len instr.  = 0 (1)
00:00:16.244371 
00:00:16.244371 ******************* End of VT-x features ********************
00:00:16.244505 VMEmt: Halt method global1 (5)
00:00:16.244839 VMEmt: HaltedGlobal1 config: cNsSpinBlockThresholdCfg=50000
00:00:16.244948 Changing the VM state from 'CREATING' to 'CREATED'
00:00:16.280028 Changing the VM state from 'CREATED' to 'LOADING'
00:00:16.280974 SSM: File header: Format 2.0, VirtualBox Version 6.1.12 r139181, 64-bit host, cbGCPhys=8, cbGCPtr=8
00:00:16.282519 VUSB: Detached 'HidMouse' from port 1 on RootHub#0
00:00:16.282911 SSM: Saved state info:
00:00:16.282932 SSM:   Build Type: release
00:00:16.282945 SSM:   Host OS: win.amd64
00:00:16.283597 PCI:    PIIX3/0: register 60: 80 -> 8b
00:00:16.283621 PCI:    PIIX3/0: register 61: 00 -> 8a
00:00:16.283634 PCI:    PIIX3/0: register 62: 00 -> 89
00:00:16.283646 PCI:    PIIX3/0: register 63: 00 -> 8b
00:00:16.283658 PCI:    PIIX3/0: register ad: 00 -> ef
00:00:16.283669 PCI:    PIIX3/0: register de: 00 -> be
00:00:16.283687 PCI: piix3ide/0:  8-bit field LATENCY_TIMER: 0 -> 40
00:00:16.283703 PCI: piix3ide/0: 32-bit field BASE_ADDRESS_4: 1 -> d001
00:00:16.283719 PCI: piix3ide/0: register 41: 80 -> c0
00:00:16.283731 PCI: piix3ide/0: register 42: 00 -> 03
00:00:16.283747 PCI: piix3ide/0: register 43: 80 -> e3
00:00:16.283761 PCI: piix3ide/0: register 48: 00 -> 04
00:00:16.283772 PCI: piix3ide/0: register 4b: 00 -> 02
00:00:16.283790 PCI:      vga/0:  8-bit field LATENCY_TIMER: 0 -> 40
00:00:16.283805 PCI:      vga/0: 32-bit field BASE_ADDRESS_0: 1 -> d011
00:00:16.283817 PCI:      vga/0: 32-bit field BASE_ADDRESS_1: 8 -> f0000008
00:00:16.283829 PCI:      vga/0: 32-bit field BASE_ADDRESS_2: 0 -> f2000000
00:00:16.283842 PCI:      vga/0:  8-bit field INTERRUPT_LINE: 0 -> a
00:00:16.283855 PCI:      vga/0: 16-bit field COMMAND: 0 -> 7
00:00:16.284289 PCI:    e1000/0:  8-bit field LATENCY_TIMER: 0 -> 40
00:00:16.284306 PCI:    e1000/0: 32-bit field BASE_ADDRESS_0: 0 -> f2200000
00:00:16.284320 PCI:    e1000/0: 32-bit field BASE_ADDRESS_2: 1 -> d021
00:00:16.284332 PCI:    e1000/0:  8-bit field INTERRUPT_LINE: 0 -> 9
00:00:16.284344 PCI:    e1000/0: 16-bit field COMMAND: 0 -> 7
00:00:16.284371 PCI:   VMMDev/0: 32-bit field BASE_ADDRESS_0: 1 -> d041
00:00:16.284385 PCI:   VMMDev/0: 32-bit field BASE_ADDRESS_1: 0 -> f2400000
00:00:16.284397 PCI:   VMMDev/0: 32-bit field BASE_ADDRESS_2: 8 -> f2800008
00:00:16.284409 PCI:   VMMDev/0:  8-bit field INTERRUPT_LINE: 0 -> b
00:00:16.284423 PCI:   VMMDev/0: 16-bit field COMMAND: 0 -> 3
00:00:16.284449 PCI:  ichac97/0:  8-bit field LATENCY_TIMER: 0 -> 40
00:00:16.284463 PCI:  ichac97/0: 32-bit field BASE_ADDRESS_0: 1 -> d101
00:00:16.284475 PCI:  ichac97/0: 32-bit field BASE_ADDRESS_1: 1 -> d201
00:00:16.284487 PCI:  ichac97/0:  8-bit field INTERRUPT_LINE: 0 -> b
00:00:16.284499 PCI:  ichac97/0: 16-bit field COMMAND: 0 -> 5
00:00:16.284518 PCI: usb-ohci/0:  8-bit field LATENCY_TIMER: 0 -> 40
00:00:16.284530 PCI: usb-ohci/0: 32-bit field BASE_ADDRESS_0: 0 -> f2804000
00:00:16.284543 PCI: usb-ohci/0:  8-bit field INTERRUPT_LINE: 0 -> a
00:00:16.284555 PCI: usb-ohci/0: 16-bit field COMMAND: 0 -> 6
00:00:16.284583 PCI:     ahci/0:  8-bit field LATENCY_TIMER: 0 -> 40
00:00:16.284597 PCI:     ahci/0: 32-bit field BASE_ADDRESS_0: 1 -> d241
00:00:16.284609 PCI:     ahci/0: 32-bit field BASE_ADDRESS_1: 1 -> d249
00:00:16.284621 PCI:     ahci/0: 32-bit field BASE_ADDRESS_2: 1 -> d251
00:00:16.284633 PCI:     ahci/0: 32-bit field BASE_ADDRESS_3: 1 -> d259
00:00:16.284645 PCI:     ahci/0: 32-bit field BASE_ADDRESS_4: 1 -> d261
00:00:16.284657 PCI:     ahci/0: 32-bit field BASE_ADDRESS_5: 0 -> f2806000
00:00:16.284670 PCI:     ahci/0:  8-bit field INTERRUPT_LINE: 0 -> b
00:00:16.284687 PCI:     ahci/0: 16-bit field COMMAND: 0 -> 7
00:00:50.578536 TM: cTSCTicksPerSecond=0x6b49dd19 (1 800 002 841) enmTSCMode=1 (VirtTscEmulated) (state load)
00:00:50.578634 GIM: KVM: VCPU  0: Enabled system-time struct. at 0x000000006cc3e000 - u32TscScale=0x8e38d4d8 i8TscShift=0 uVersion=2 fFlags=0x1 uTsc=0x533b5a915 uVirtNanoTS=0x2e3dd5499
00:00:50.578783 TM: Switching TSC mode from 'VirtTscEmulated' to 'RealTscOffset'
00:00:50.578916 GIM: KVM: VCPU  1: Enabled system-time struct. at 0x000000006cc3e040 - u32TscScale=0x8e38d4d8 i8TscShift=0 uVersion=2 fFlags=0x1 uTsc=0x533b5a915 uVirtNanoTS=0x2e3dd5499
00:00:50.578962 GIM: KVM: VCPU  2: Enabled system-time struct. at 0x000000006cc3e080 - u32TscScale=0x8e38d4d8 i8TscShift=0 uVersion=2 fFlags=0x1 uTsc=0x533b5a915 uVirtNanoTS=0x2e3dd5499
00:00:50.578988 GIM: KVM: VCPU  3: Enabled system-time struct. at 0x000000006cc3e0c0 - u32TscScale=0x8e38d4d8 i8TscShift=0 uVersion=2 fFlags=0x1 uTsc=0x533b5a915 uVirtNanoTS=0x2e3dd5499
00:00:50.579214 PIT: mode=0 count=0x10000 (65536) - 18.20 Hz (ch=0) (restore)
00:00:50.579260 RTC: Stopped the periodic timer (restore)
00:00:50.579431 HGCM: Restoring [VBoxGuestPropSvc]
00:00:50.579466 HGCM: Restoring [VBoxGuestControlSvc]
00:00:50.579481 HGCM: Restoring [VBoxSharedFolders]
00:00:50.579494 HGCM: Restoring [VBoxDragAndDropSvc]
00:00:50.579508 HGCM: Restoring [VBoxSharedClipboard]
00:00:50.579820 VMMDev: Guest Additions information report: Interface = 0x00010004 osType = 0x00053100 (Linux >= 2.6, 64-bit)
00:00:50.580406 GUI: UISession::sltAdditionsChange: GA state really changed, notifying listeners
00:00:50.580472 GUI: UISession::sltAdditionsChange: GA state change event came, notifying listeners
00:00:50.580580 GUI: UISession::sltAdditionsChange: GA state change event came, notifying listeners
00:00:50.580664 GUI: UISession::sltAdditionsChange: GA state change event came, notifying listeners
00:00:50.583981 E1000#0: Interrupt attempts: 0
00:00:50.584012 E1000#0: Interrupts raised : 0
00:00:50.584026 E1000#0: Interrupts lowered: 0
00:00:50.584038 E1000#0: ICR outside ISR   : 0
00:00:50.584050 E1000#0: IMS raised ints   : 0
00:00:50.584062 E1000#0: Interrupts skipped: 0
00:00:50.584074 E1000#0: Masked interrupts : 0
00:00:50.584086 E1000#0: Early interrupts  : 0
00:00:50.584098 E1000#0: Late interrupts   : 0
00:00:50.584109 E1000#0: Lost interrupts   : 0
00:00:50.584121 E1000#0: Interrupts by RX  : 0
00:00:50.584133 E1000#0: Interrupts by TX  : 0
00:00:50.584145 E1000#0: Interrupts by ICS : 0
00:00:50.584156 E1000#0: Interrupts by RDTR: 0
00:00:50.584168 E1000#0: Interrupts by RDMT: 0
00:00:50.584180 E1000#0: Interrupts by TXQE: 0
00:00:50.584192 E1000#0: TX int delay asked: 0
00:00:50.584205 E1000#0: TX delayed:         0
00:00:50.584217 E1000#0: TX delay expired:   0
00:00:50.584229 E1000#0: TX no report asked: 0
00:00:50.584240 E1000#0: TX abs timer expd : 0
00:00:50.584252 E1000#0: TX int timer expd : 0
00:00:50.584264 E1000#0: RX abs timer expd : 0
00:00:50.584276 E1000#0: RX int timer expd : 0
00:00:50.584287 E1000#0: TX CTX descriptors: 0
00:00:50.584299 E1000#0: TX DAT descriptors: 0
00:00:50.584311 E1000#0: TX LEG descriptors: 0
00:00:50.584323 E1000#0: Received frames   : 0
00:00:50.584334 E1000#0: Transmitted frames: 0
00:00:50.584346 E1000#0: TX frames up to 1514: 0
00:00:50.584358 E1000#0: TX frames up to 2962: 0
00:00:50.584370 E1000#0: TX frames up to 4410: 0
00:00:50.584382 E1000#0: TX frames up to 5858: 0
00:00:50.584394 E1000#0: TX frames up to 7306: 0
00:00:50.584406 E1000#0: TX frames up to 8754: 0
00:00:50.584417 E1000#0: TX frames up to 16384: 0
00:00:50.584429 E1000#0: TX frames up to 32768: 0
00:00:50.584441 E1000#0: Larger TX frames    : 0
00:00:50.584453 E1000#0: Max TX Delay        : 0
00:00:50.584475 AC97: Record select to left=Microphone In, right=Microphone In
00:00:50.585800 Changing the VM state from 'LOADING' to 'SUSPENDED'
00:00:50.688243 VUSB: Attached '000000000532f110[proxy 0bda:8812]' to port 1 on RootHub#0 (HighSpeed)
00:00:50.688335 Changing the VM state from 'SUSPENDED' to 'RESUMING'
00:00:50.689442 NAT: Link down
00:00:50.689531 Changing the VM state from 'RESUMING' to 'RUNNING'
00:00:50.689585 Console: Machine state changed to 'Running'
00:00:51.039927 ERROR [COM]: aRC=VBOX_E_VM_ERROR (0x80bb0003) aIID={4680b2de-8690-11e9-b83d-5719e53cf1de} aComponent={DisplayWrap} aText={Could not take a screenshot (VERR_NOT_SUPPORTED)}, preserve=false aResultDetail=-37
00:00:51.263023 VUSB: Attached 'HidMouse' to port 2 on RootHub#0 (FullSpeed)
00:00:51.275334 Display::i_handleDisplayResize: uScreenId=0 pvVRAM=000000000e030000 w=1680 h=1050 bpp=32 cbLine=0x1A40 flags=0x1 origin=0,0
00:00:51.529605 GUI: 2D video acceleration is disabled
00:00:51.529924 GUI: HID LEDs sync is enabled
00:00:54.008400 NAT: Link up
00:00:54.024360 NAT: DNS#0: 192.168.100.1
00:00:55.432297 NAT: DHCP offered IP address 10.0.2.15
00:01:22.045511 AIOMgr: Async flushes not supported
00:02:17.173005 Changing the VM state from 'RUNNING' to 'SUSPENDING'
00:02:17.279693 AIOMgr: Endpoint for file 'C:\cyber labs\parrot\parrot\parrot.vdi' (flags 000c0781) created successfully
00:02:17.456489 PDMR3Suspend: 283 339 963 ns run time
00:02:17.456573 Changing the VM state from 'SUSPENDING' to 'SUSPENDED'
00:02:17.460224 NAT: Zone(nm:mbuf_cluster, used:0)
00:02:17.462043 NAT: Zone(nm:mbuf_packet, used:0)
00:02:17.462093 NAT: Zone(nm:mbuf, used:1)
00:02:17.462467 NAT: Zone(nm:mbuf_jumbo_pagesize, used:0)
00:02:17.464164 NAT: Zone(nm:mbuf_jumbo_9k, used:0)
00:02:17.465505 NAT: Zone(nm:mbuf_jumbo_16k, used:0)
00:02:17.466217 NAT: Zone(nm:mbuf_ext_refcnt, used:0)
00:02:17.969345 IntNet#0: szNetwork={HostInterfaceNetworking-Realtek 8821CE Wireless LAN 802.11ac PCI-E NIC} enmTrunkType=3 szTrunk={\DEVICE\{C93378B0-0CDB-4D94-ACF8-BF4B0784D7C3}} fFlags=0x8001 cbRecv=325632 cbSend=196608 fIgnoreConnectFailure=false
00:02:17.976013 Changing the VM state from 'SUSPENDED' to 'RESUMING'
00:02:17.976975 AIOMgr: Endpoint for file 'C:\cyber labs\parrot\parrot\parrot.vdi' (flags 000c0723) created successfully
00:02:17.978774 Changing the VM state from 'RESUMING' to 'RUNNING'
00:02:18.145388 GUI: UIMediumEnumerator: Medium-enumeration finished!
00:02:45.128173 AIOMgr: Async flushes not supported
00:37:15.333525 GUI: UICommon::sltHandleCommitDataRequest: Emergency shutdown initiated
00:37:15.336866 GUI: Request for close-action to save VM state.
00:37:15.337196 Changing the VM state from 'RUNNING' to 'SUSPENDING'
00:37:15.411048 AIOMgr: Endpoint for file 'C:\cyber labs\parrot\parrot\parrot.vdi' (flags 000c0781) created successfully
00:37:15.964653 PDMR3Suspend: 627 286 076 ns run time
00:37:15.964688 Changing the VM state from 'SUSPENDING' to 'SUSPENDED'
00:37:15.964714 Console: Machine state changed to 'Paused'
00:37:15.965137 GUI: Passing request to save VM state from machine-logic to UI session.
00:37:16.292451 Console: Machine state changed to 'Saving'
00:37:16.491774 Changing the VM state from 'SUSPENDED' to 'SAVING'
00:37:16.709441 VUSB: Detached '000000000532f110[proxy 0bda:8812]' from port 1 on RootHub#0
00:37:19.352458 VUSB: Detached 'HidMouse' from port 2 on RootHub#0
